<?xml version="1.0" encoding="UTF-8"?>
<coverage generated="1430421544675" clover="3.2.0">
	<project timestamp="1430421544675"  name="All Files" >
		<metrics statements="3862"  coveredstatements="1166"  conditionals="2502"  coveredconditionals="458"  methods="559"  coveredmethods="188"  elements="6923"  coveredelements="1812"  complexity="0"  packages="2"  files="9"  classes="9"  loc="9223"  ncloc="9223" />
		<package name="scripts" >
			<metrics statements="1599"  coveredstatements="126"  conditionals="1230"  coveredconditionals="20"  methods="171"  coveredmethods="7" />
			<file name="test_two.js"  path="test/scripts/test_two.js" >
				<metrics statements="744"  coveredstatements="333"  conditionals="381"  coveredconditionals="111"  methods="139"  coveredmethods="52" />
				<line num="1"  count="3"  type="cond"  truecount="1"  falsecount="1" />
				<line num="3"  count="3"  type="stmt" />
			</file>
		</package>
		<package name="scripts.uno" >
			<metrics statements="2263"  coveredstatements="1040"  conditionals="1272"  coveredconditionals="438"  methods="388"  coveredmethods="181" />
			<file name="test_three.js"  path="/Users/a-jmcateer/BELC02NK9MSG3QC_4083/BELC02NK9MSG3QC_4083/e3/components/ss/lodging/products/lux/pLUXMain.main/LUXContent/src/main/webapp/scripts/uno/common.js" >
				<metrics statements="41"  coveredstatements="33"  conditionals="22"  coveredconditionals="11"  methods="8"  coveredmethods="7" />
				<line num="1"  count="3"  type="cond"  truecount="2"  falsecount="0" />
				<line num="3"  count="3"  type="stmt" />
			</file>
		</package>
	</project>
</coverage>
