<?xml version="1.0" ?>
<!DOCTYPE coverage SYSTEM "http://cobertura.sourceforge.net/xml/coverage-04.dtd">
<coverage lines-valid="3862"  lines-covered="1166"  line-rate="0.3019"  branches-valid="2502"  branches-covered="458"  branch-rate="0.18309999999999998"  timestamp="1430421544647" complexity="0" version="0.1">
<sources>
	<source>/Users/a-jmcateer/BELC02NK9MSG3QC_4083/BELC02NK9MSG3QC_4083/e3/components/ss/lodging/products/lux/pLUXMain.main/LUXContent</source>
</sources>
<packages>
	<package name="scripts"  line-rate="0.0788"  branch-rate="0.0163" >
	<classes>
		<class name="amenities.js"  filename="src/main/webapp/scripts/amenities.js"  line-rate="0.0788"  branch-rate="0.0163" >
		<methods>
			<method name="(anonymous_1)"  hits="1"  signature="()V" >
				<lines><line number="3"  hits="1" /></lines>
			</method>
			<method name="(anonymous_2)"  hits="1"  signature="()V" >
				<lines><line number="15"  hits="1" /></lines>
			</method>
			<method name="(anonymous_3)"  hits="0"  signature="()V" >
				<lines><line number="20"  hits="0" /></lines>
			</method>
			<method name="(anonymous_4)"  hits="0"  signature="()V" >
				<lines><line number="26"  hits="0" /></lines>
			</method>
			<method name="(anonymous_5)"  hits="0"  signature="()V" >
				<lines><line number="29"  hits="0" /></lines>
			</method>
			<method name="(anonymous_6)"  hits="0"  signature="()V" >
				<lines><line number="36"  hits="0" /></lines>
			</method>
			<method name="(anonymous_7)"  hits="0"  signature="()V" >
				<lines><line number="60"  hits="0" /></lines>
			</method>
			<method name="(anonymous_8)"  hits="0"  signature="()V" >
				<lines><line number="69"  hits="0" /></lines>
			</method>
			<method name="(anonymous_9)"  hits="0"  signature="()V" >
				<lines><line number="73"  hits="0" /></lines>
			</method>
			<method name="(anonymous_10)"  hits="0"  signature="()V" >
				<lines><line number="78"  hits="0" /></lines>
			</method>
			<method name="(anonymous_11)"  hits="0"  signature="()V" >
				<lines><line number="83"  hits="0" /></lines>
			</method>
			<method name="(anonymous_12)"  hits="0"  signature="()V" >
				<lines><line number="88"  hits="0" /></lines>
			</method>
			<method name="(anonymous_13)"  hits="0"  signature="()V" >
				<lines><line number="94"  hits="0" /></lines>
			</method>
			<method name="(anonymous_14)"  hits="0"  signature="()V" >
				<lines><line number="102"  hits="0" /></lines>
			</method>
			<method name="(anonymous_15)"  hits="0"  signature="()V" >
				<lines><line number="129"  hits="0" /></lines>
			</method>
			<method name="(anonymous_16)"  hits="0"  signature="()V" >
				<lines><line number="136"  hits="0" /></lines>
			</method>
			<method name="(anonymous_17)"  hits="0"  signature="()V" >
				<lines><line number="172"  hits="0" /></lines>
			</method>
			<method name="(anonymous_18)"  hits="0"  signature="()V" >
				<lines><line number="177"  hits="0" /></lines>
			</method>
			<method name="(anonymous_19)"  hits="0"  signature="()V" >
				<lines><line number="237"  hits="0" /></lines>
			</method>
			<method name="showHideSurchargeAmount"  hits="0"  signature="()V" >
				<lines><line number="253"  hits="0" /></lines>
			</method>
			<method name="(anonymous_21)"  hits="0"  signature="()V" >
				<lines><line number="262"  hits="0" /></lines>
			</method>
			<method name="(anonymous_22)"  hits="0"  signature="()V" >
				<lines><line number="287"  hits="0" /></lines>
			</method>
			<method name="(anonymous_23)"  hits="0"  signature="()V" >
				<lines><line number="312"  hits="0" /></lines>
			</method>
			<method name="(anonymous_24)"  hits="0"  signature="()V" >
				<lines><line number="337"  hits="0" /></lines>
			</method>
			<method name="calculateTextareaChars"  hits="0"  signature="()V" >
				<lines><line number="365"  hits="0" /></lines>
			</method>
			<method name="selectDefaults"  hits="2"  signature="()V" >
				<lines><line number="382"  hits="2" /></lines>
			</method>
			<method name="(anonymous_27)"  hits="1"  signature="()V" >
				<lines><line number="385"  hits="1" /></lines>
			</method>
			<method name="(anonymous_28)"  hits="0"  signature="()V" >
				<lines><line number="399"  hits="0" /></lines>
			</method>
			<method name="(anonymous_29)"  hits="0"  signature="()V" >
				<lines><line number="411"  hits="0" /></lines>
			</method>
			<method name="(anonymous_30)"  hits="0"  signature="()V" >
				<lines><line number="429"  hits="0" /></lines>
			</method>
			<method name="(anonymous_31)"  hits="0"  signature="()V" >
				<lines><line number="437"  hits="0" /></lines>
			</method>
			<method name="(anonymous_32)"  hits="0"  signature="()V" >
				<lines><line number="449"  hits="0" /></lines>
			</method>
			<method name="(anonymous_33)"  hits="0"  signature="()V" >
				<lines><line number="452"  hits="0" /></lines>
			</method>
			<method name="(anonymous_34)"  hits="0"  signature="()V" >
				<lines><line number="458"  hits="0" /></lines>
			</method>
			<method name="(anonymous_35)"  hits="0"  signature="()V" >
				<lines><line number="471"  hits="0" /></lines>
			</method>
			<method name="(anonymous_36)"  hits="0"  signature="()V" >
				<lines><line number="478"  hits="0" /></lines>
			</method>
			<method name="(anonymous_37)"  hits="0"  signature="()V" >
				<lines><line number="486"  hits="0" /></lines>
			</method>
			<method name="(anonymous_38)"  hits="0"  signature="()V" >
				<lines><line number="490"  hits="0" /></lines>
			</method>
			<method name="(anonymous_39)"  hits="0"  signature="()V" >
				<lines><line number="494"  hits="0" /></lines>
			</method>
			<method name="(anonymous_40)"  hits="0"  signature="()V" >
				<lines><line number="498"  hits="0" /></lines>
			</method>
			<method name="(anonymous_41)"  hits="0"  signature="()V" >
				<lines><line number="502"  hits="0" /></lines>
			</method>
			<method name="(anonymous_42)"  hits="0"  signature="()V" >
				<lines><line number="507"  hits="0" /></lines>
			</method>
			<method name="makeActive"  hits="0"  signature="()V" >
				<lines><line number="516"  hits="0" /></lines>
			</method>
			<method name="roundNumberRange"  hits="0"  signature="()V" >
				<lines><line number="538"  hits="0" /></lines>
			</method>
			<method name="roundAmount"  hits="0"  signature="()V" >
				<lines><line number="559"  hits="0" /></lines>
			</method>
			<method name="pageLoadCheckedorNot"  hits="0"  signature="()V" >
				<lines><line number="573"  hits="0" /></lines>
			</method>
			<method name="isChangeDefaultSelectChilds"  hits="0"  signature="()V" >
				<lines><line number="652"  hits="0" /></lines>
			</method>
			<method name="(anonymous_48)"  hits="0"  signature="()V" >
				<lines><line number="654"  hits="0" /></lines>
			</method>
			<method name="populateHTMLWithJSON"  hits="1"  signature="()V" >
				<lines><line number="684"  hits="1" /></lines>
			</method>
			<method name="(anonymous_50)"  hits="0"  signature="()V" >
				<lines><line number="685"  hits="0" /></lines>
			</method>
			<method name="(anonymous_51)"  hits="0"  signature="()V" >
				<lines><line number="700"  hits="0" /></lines>
			</method>
			<method name="(anonymous_52)"  hits="0"  signature="()V" >
				<lines><line number="816"  hits="0" /></lines>
			</method>
			<method name="checkForAddtionals"  hits="1"  signature="()V" >
				<lines><line number="831"  hits="1" /></lines>
			</method>
			<method name="(anonymous_54)"  hits="0"  signature="()V" >
				<lines><line number="834"  hits="0" /></lines>
			</method>
			<method name="activateAdditional"  hits="0"  signature="()V" >
				<lines><line number="869"  hits="0" /></lines>
			</method>
			<method name="checkTabSelected"  hits="0"  signature="()V" >
				<lines><line number="888"  hits="0" /></lines>
			</method>
			<method name="(anonymous_57)"  hits="0"  signature="()V" >
				<lines><line number="891"  hits="0" /></lines>
			</method>
			<method name="(anonymous_58)"  hits="0"  signature="()V" >
				<lines><line number="896"  hits="0" /></lines>
			</method>
			<method name="showHideSelect"  hits="0"  signature="()V" >
				<lines><line number="914"  hits="0" /></lines>
			</method>
			<method name="(anonymous_60)"  hits="0"  signature="()V" >
				<lines><line number="925"  hits="0" /></lines>
			</method>
			<method name="(anonymous_61)"  hits="0"  signature="()V" >
				<lines><line number="957"  hits="0" /></lines>
			</method>
			<method name="specialHandleForPetFeeSelectList"  hits="0"  signature="()V" >
				<lines><line number="972"  hits="0" /></lines>
			</method>
			<method name="showHideCheckBox"  hits="0"  signature="()V" >
				<lines><line number="982"  hits="0" /></lines>
			</method>
			<method name="(anonymous_64)"  hits="0"  signature="()V" >
				<lines><line number="990"  hits="0" /></lines>
			</method>
			<method name="(anonymous_65)"  hits="0"  signature="()V" >
				<lines><line number="1004"  hits="0" /></lines>
			</method>
			<method name="calendarHideShow"  hits="0"  signature="()V" >
				<lines><line number="1013"  hits="0" /></lines>
			</method>
			<method name="(anonymous_67)"  hits="0"  signature="()V" >
				<lines><line number="1016"  hits="0" /></lines>
			</method>
			<method name="showHideRadio"  hits="0"  signature="()V" >
				<lines><line number="1036"  hits="0" /></lines>
			</method>
			<method name="(anonymous_69)"  hits="0"  signature="()V" >
				<lines><line number="1043"  hits="0" /></lines>
			</method>
			<method name="(anonymous_70)"  hits="0"  signature="()V" >
				<lines><line number="1058"  hits="0" /></lines>
			</method>
			<method name="showHideTab"  hits="0"  signature="()V" >
				<lines><line number="1070"  hits="0" /></lines>
			</method>
			<method name="(anonymous_72)"  hits="0"  signature="()V" >
				<lines><line number="1080"  hits="0" /></lines>
			</method>
			<method name="updateDefaults"  hits="0"  signature="()V" >
				<lines><line number="1094"  hits="0" /></lines>
			</method>
			<method name="(anonymous_74)"  hits="0"  signature="()V" >
				<lines><line number="1110"  hits="0" /></lines>
			</method>
			<method name="(anonymous_75)"  hits="0"  signature="()V" >
				<lines><line number="1119"  hits="0" /></lines>
			</method>
			<method name="(anonymous_76)"  hits="0"  signature="()V" >
				<lines><line number="1127"  hits="0" /></lines>
			</method>
			<method name="(anonymous_77)"  hits="0"  signature="()V" >
				<lines><line number="1132"  hits="0" /></lines>
			</method>
			<method name="validateTextField"  hits="0"  signature="()V" >
				<lines><line number="1138"  hits="0" /></lines>
			</method>
			<method name="validateSelect"  hits="0"  signature="()V" >
				<lines><line number="1213"  hits="0" /></lines>
			</method>
			<method name="validateCheckboxOneRequired"  hits="0"  signature="()V" >
				<lines><line number="1250"  hits="0" /></lines>
			</method>
			<method name="validateCheckbox"  hits="0"  signature="()V" >
				<lines><line number="1263"  hits="0" /></lines>
			</method>
			<method name="validateRadio"  hits="0"  signature="()V" >
				<lines><line number="1284"  hits="0" /></lines>
			</method>
			<method name="(anonymous_83)"  hits="0"  signature="()V" >
				<lines><line number="1304"  hits="0" /></lines>
			</method>
			<method name="validateFields"  hits="0"  signature="()V" >
				<lines><line number="1324"  hits="0" /></lines>
			</method>
			<method name="(anonymous_85)"  hits="0"  signature="()V" >
				<lines><line number="1333"  hits="0" /></lines>
			</method>
			<method name="(anonymous_86)"  hits="0"  signature="()V" >
				<lines><line number="1335"  hits="0" /></lines>
			</method>
			<method name="(anonymous_87)"  hits="0"  signature="()V" >
				<lines><line number="1356"  hits="0" /></lines>
			</method>
			<method name="(anonymous_88)"  hits="0"  signature="()V" >
				<lines><line number="1366"  hits="0" /></lines>
			</method>
			<method name="(anonymous_89)"  hits="0"  signature="()V" >
				<lines><line number="1368"  hits="0" /></lines>
			</method>
			<method name="(anonymous_90)"  hits="0"  signature="()V" >
				<lines><line number="1388"  hits="0" /></lines>
			</method>
			<method name="(anonymous_91)"  hits="0"  signature="()V" >
				<lines><line number="1392"  hits="0" /></lines>
			</method>
			<method name="(anonymous_92)"  hits="0"  signature="()V" >
				<lines><line number="1437"  hits="0" /></lines>
			</method>
			<method name="(anonymous_93)"  hits="0"  signature="()V" >
				<lines><line number="1446"  hits="0" /></lines>
			</method>
			<method name="(anonymous_94)"  hits="0"  signature="()V" >
				<lines><line number="1452"  hits="0" /></lines>
			</method>
			<method name="(anonymous_95)"  hits="0"  signature="()V" >
				<lines><line number="1458"  hits="0" /></lines>
			</method>
			<method name="(anonymous_96)"  hits="0"  signature="()V" >
				<lines><line number="1462"  hits="0" /></lines>
			</method>
			<method name="(anonymous_97)"  hits="0"  signature="()V" >
				<lines><line number="1466"  hits="0" /></lines>
			</method>
			<method name="(anonymous_98)"  hits="0"  signature="()V" >
				<lines><line number="1479"  hits="0" /></lines>
			</method>
			<method name="(anonymous_99)"  hits="0"  signature="()V" >
				<lines><line number="1482"  hits="0" /></lines>
			</method>
			<method name="(anonymous_100)"  hits="0"  signature="()V" >
				<lines><line number="1501"  hits="0" /></lines>
			</method>
			<method name="(anonymous_101)"  hits="0"  signature="()V" >
				<lines><line number="1529"  hits="0" /></lines>
			</method>
			<method name="(anonymous_102)"  hits="0"  signature="()V" >
				<lines><line number="1585"  hits="0" /></lines>
			</method>
			<method name="(anonymous_103)"  hits="0"  signature="()V" >
				<lines><line number="1586"  hits="0" /></lines>
			</method>
			<method name="(anonymous_104)"  hits="0"  signature="()V" >
				<lines><line number="1589"  hits="0" /></lines>
			</method>
			<method name="(anonymous_105)"  hits="0"  signature="()V" >
				<lines><line number="1608"  hits="0" /></lines>
			</method>
			<method name="(anonymous_106)"  hits="0"  signature="()V" >
				<lines><line number="1613"  hits="0" /></lines>
			</method>
			<method name="highlightErrorFields"  hits="0"  signature="()V" >
				<lines><line number="1625"  hits="0" /></lines>
			</method>
			<method name="saveChangeAndRedirect"  hits="0"  signature="()V" >
				<lines><line number="1661"  hits="0" /></lines>
			</method>
			<method name="(anonymous_109)"  hits="0"  signature="()V" >
				<lines><line number="1710"  hits="0" /></lines>
			</method>
			<method name="(anonymous_110)"  hits="0"  signature="()V" >
				<lines><line number="1754"  hits="0" /></lines>
			</method>
			<method name="createData"  hits="0"  signature="()V" >
				<lines><line number="1770"  hits="0" /></lines>
			</method>
			<method name="(anonymous_112)"  hits="0"  signature="()V" >
				<lines><line number="1802"  hits="0" /></lines>
			</method>
			<method name="(anonymous_113)"  hits="0"  signature="()V" >
				<lines><line number="1810"  hits="0" /></lines>
			</method>
			<method name="(anonymous_114)"  hits="0"  signature="()V" >
				<lines><line number="1813"  hits="0" /></lines>
			</method>
			<method name="(anonymous_115)"  hits="0"  signature="()V" >
				<lines><line number="1817"  hits="0" /></lines>
			</method>
			<method name="(anonymous_116)"  hits="0"  signature="()V" >
				<lines><line number="1820"  hits="0" /></lines>
			</method>
			<method name="(anonymous_117)"  hits="0"  signature="()V" >
				<lines><line number="1825"  hits="0" /></lines>
			</method>
			<method name="(anonymous_118)"  hits="0"  signature="()V" >
				<lines><line number="1832"  hits="0" /></lines>
			</method>
			<method name="updateSelect"  hits="0"  signature="()V" >
				<lines><line number="1900"  hits="0" /></lines>
			</method>
			<method name="(anonymous_120)"  hits="0"  signature="()V" >
				<lines><line number="1940"  hits="0" /></lines>
			</method>
			<method name="(anonymous_121)"  hits="0"  signature="()V" >
				<lines><line number="1944"  hits="0" /></lines>
			</method>
			<method name="updateTextField"  hits="0"  signature="()V" >
				<lines><line number="2070"  hits="0" /></lines>
			</method>
			<method name="(anonymous_123)"  hits="0"  signature="()V" >
				<lines><line number="2084"  hits="0" /></lines>
			</method>
			<method name="(anonymous_124)"  hits="0"  signature="()V" >
				<lines><line number="2089"  hits="0" /></lines>
			</method>
			<method name="(anonymous_125)"  hits="0"  signature="()V" >
				<lines><line number="2104"  hits="0" /></lines>
			</method>
			<method name="(anonymous_126)"  hits="0"  signature="()V" >
				<lines><line number="2120"  hits="0" /></lines>
			</method>
			<method name="updateTextArea"  hits="0"  signature="()V" >
				<lines><line number="2150"  hits="0" /></lines>
			</method>
			<method name="updateTab"  hits="0"  signature="()V" >
				<lines><line number="2160"  hits="0" /></lines>
			</method>
			<method name="updateTextLabel"  hits="0"  signature="()V" >
				<lines><line number="2179"  hits="0" /></lines>
			</method>
			<method name="updateTextLabel2"  hits="0"  signature="()V" >
				<lines><line number="2193"  hits="0" /></lines>
			</method>
			<method name="(anonymous_131)"  hits="0"  signature="()V" >
				<lines><line number="2198"  hits="0" /></lines>
			</method>
			<method name="addAmenity"  hits="0"  signature="()V" >
				<lines><line number="2221"  hits="0" /></lines>
			</method>
			<method name="removeAmenity"  hits="0"  signature="()V" >
				<lines><line number="2268"  hits="0" /></lines>
			</method>
			<method name="updateCheckBox"  hits="0"  signature="()V" >
				<lines><line number="2302"  hits="0" /></lines>
			</method>
			<method name="(anonymous_135)"  hits="0"  signature="()V" >
				<lines><line number="2361"  hits="0" /></lines>
			</method>
			<method name="(anonymous_136)"  hits="0"  signature="()V" >
				<lines><line number="2366"  hits="0" /></lines>
			</method>
			<method name="(anonymous_137)"  hits="0"  signature="()V" >
				<lines><line number="2372"  hits="0" /></lines>
			</method>
			<method name="(anonymous_138)"  hits="0"  signature="()V" >
				<lines><line number="2385"  hits="0" /></lines>
			</method>
			<method name="(anonymous_139)"  hits="0"  signature="()V" >
				<lines><line number="2411"  hits="0" /></lines>
			</method>
			<method name="(anonymous_140)"  hits="0"  signature="()V" >
				<lines><line number="2418"  hits="0" /></lines>
			</method>
			<method name="(anonymous_141)"  hits="0"  signature="()V" >
				<lines><line number="2423"  hits="0" /></lines>
			</method>
			<method name="setInAllRemoveCheckBoxClick"  hits="0"  signature="()V" >
				<lines><line number="2476"  hits="0" /></lines>
			</method>
			<method name="(anonymous_143)"  hits="0"  signature="()V" >
				<lines><line number="2486"  hits="0" /></lines>
			</method>
			<method name="(anonymous_144)"  hits="0"  signature="()V" >
				<lines><line number="2502"  hits="0" /></lines>
			</method>
			<method name="(anonymous_145)"  hits="0"  signature="()V" >
				<lines><line number="2518"  hits="0" /></lines>
			</method>
			<method name="(anonymous_146)"  hits="0"  signature="()V" >
				<lines><line number="2540"  hits="0" /></lines>
			</method>
			<method name="setInAllUpdateDropdownChange"  hits="0"  signature="()V" >
				<lines><line number="2561"  hits="0" /></lines>
			</method>
			<method name="(anonymous_148)"  hits="0"  signature="()V" >
				<lines><line number="2562"  hits="0" /></lines>
			</method>
			<method name="(anonymous_149)"  hits="0"  signature="()V" >
				<lines><line number="2578"  hits="0" /></lines>
			</method>
			<method name="(anonymous_150)"  hits="0"  signature="()V" >
				<lines><line number="2590"  hits="0" /></lines>
			</method>
			<method name="(anonymous_151)"  hits="0"  signature="()V" >
				<lines><line number="2609"  hits="0" /></lines>
			</method>
			<method name="setInAllUpdateTextBoxChange"  hits="2"  signature="()V" >
				<lines><line number="2656"  hits="2" /></lines>
			</method>
			<method name="(anonymous_153)"  hits="0"  signature="()V" >
				<lines><line number="2668"  hits="0" /></lines>
			</method>
			<method name="(anonymous_154)"  hits="0"  signature="()V" >
				<lines><line number="2680"  hits="0" /></lines>
			</method>
			<method name="(anonymous_155)"  hits="0"  signature="()V" >
				<lines><line number="2688"  hits="0" /></lines>
			</method>
			<method name="(anonymous_156)"  hits="0"  signature="()V" >
				<lines><line number="2703"  hits="0" /></lines>
			</method>
			<method name="getElementPos"  hits="0"  signature="()V" >
				<lines><line number="2713"  hits="0" /></lines>
			</method>
			<method name="updateRadio"  hits="0"  signature="()V" >
				<lines><line number="2742"  hits="0" /></lines>
			</method>
			<method name="checkboxesGroupRequireOneValidates"  hits="0"  signature="()V" >
				<lines><line number="2779"  hits="0" /></lines>
			</method>
			<method name="(anonymous_160)"  hits="0"  signature="()V" >
				<lines><line number="2782"  hits="0" /></lines>
			</method>
			<method name="normalizeFieldType"  hits="0"  signature="()V" >
				<lines><line number="2795"  hits="0" /></lines>
			</method>
			<method name="selectNotIncludedResortFeeOption"  hits="0"  signature="()V" >
				<lines><line number="2829"  hits="0" /></lines>
			</method>
			<method name="hideCommonCheckBoxOnResortFee"  hits="0"  signature="()V" >
				<lines><line number="2853"  hits="0" /></lines>
			</method>
			<method name="showOrHideAirportShuttleSurchargeEdit"  hits="0"  signature="()V" >
				<lines><line number="2870"  hits="0" /></lines>
			</method>
			<method name="addValidAmenityIdOnResortFee"  hits="0"  signature="()V" >
				<lines><line number="2897"  hits="0" /></lines>
			</method>
			<method name="addValidSpecialAmenityIds"  hits="0"  signature="()V" >
				<lines><line number="2913"  hits="0" /></lines>
			</method>
			<method name="(anonymous_167)"  hits="0"  signature="()V" >
				<lines><line number="2925"  hits="0" /></lines>
			</method>
			<method name="processFeePageLoad"  hits="0"  signature="()V" >
				<lines><line number="2942"  hits="0" /></lines>
			</method>
			<method name="notSendParentID"  hits="0"  signature="()V" >
				<lines><line number="2958"  hits="0" /></lines>
			</method>
			<method name="(anonymous_170)"  hits="0"  signature="()V" >
				<lines><line number="2959"  hits="0" /></lines>
			</method>
			<method name="limitTwoOptions"  hits="0"  signature="()V" >
				<lines><line number="2994"  hits="0" /></lines>
			</method>
		</methods>
		<lines>
			<line number="1"  hits="1"  branch="true"  condition-coverage="100% (2/2)" />
			<line number="3"  hits="1"  branch="false" />
			<line number="5"  hits="1"  branch="false" />
			<line number="6"  hits="1"  branch="false" />
			<line number="7"  hits="1"  branch="false" />
			<line number="8"  hits="1"  branch="false" />
			<line number="9"  hits="1"  branch="false" />
			<line number="10"  hits="1"  branch="false" />
			<line number="15"  hits="1"  branch="false" />
			<line number="16"  hits="1"  branch="false" />
			<line number="17"  hits="1"  branch="false" />
			<line number="20"  hits="1"  branch="false" />
			<line number="21"  hits="0"  branch="false" />
			<line number="22"  hits="0"  branch="false" />
			<line number="23"  hits="0"  branch="false" />
			<line number="26"  hits="1"  branch="false" />
			<line number="27"  hits="0"  branch="false" />
			<line number="28"  hits="0"  branch="false" />
			<line number="29"  hits="0"  branch="false" />
			<line number="36"  hits="1"  branch="false" />
			<line number="37"  hits="0"  branch="false" />
			<line number="38"  hits="0"  branch="false" />
			<line number="39"  hits="0"  branch="false" />
			<line number="40"  hits="0"  branch="false" />
			<line number="41"  hits="0"  branch="true"  condition-coverage="0% (0/5)" />
			<line number="42"  hits="0"  branch="false" />
			<line number="43"  hits="0"  branch="false" />
			<line number="45"  hits="0"  branch="false" />
			<line number="46"  hits="0"  branch="false" />
			<line number="47"  hits="0"  branch="false" />
			<line number="48"  hits="0"  branch="false" />
			<line number="49"  hits="0"  branch="true"  condition-coverage="0% (0/5)" />
			<line number="50"  hits="0"  branch="false" />
			<line number="51"  hits="0"  branch="false" />
			<line number="54"  hits="0"  branch="true"  condition-coverage="0% (0/4)" />
			<line number="55"  hits="0"  branch="false" />
			<line number="60"  hits="1"  branch="false" />
			<line number="61"  hits="0"  branch="false" />
			<line number="62"  hits="0"  branch="false" />
			<line number="63"  hits="0"  branch="true"  condition-coverage="0% (0/2)" />
			<line number="64"  hits="0"  branch="false" />
			<line number="65"  hits="0"  branch="false" />
			<line number="69"  hits="1"  branch="false" />
			<line number="70"  hits="0"  branch="false" />
			<line number="73"  hits="1"  branch="false" />
			<line number="74"  hits="0"  branch="false" />
			<line number="75"  hits="0"  branch="false" />
			<line number="78"  hits="1"  branch="false" />
			<line number="79"  hits="0"  branch="false" />
			<line number="80"  hits="0"  branch="false" />
			<line number="83"  hits="1"  branch="false" />
			<line number="84"  hits="0"  branch="false" />
			<line number="88"  hits="1"  branch="false" />
			<line number="89"  hits="0"  branch="false" />
			<line number="94"  hits="1"  branch="false" />
			<line number="95"  hits="0"  branch="false" />
			<line number="96"  hits="0"  branch="false" />
			<line number="97"  hits="0"  branch="false" />
			<line number="98"  hits="0"  branch="true"  condition-coverage="0% (0/4)" />
			<line number="99"  hits="0"  branch="false" />
			<line number="101"  hits="0"  branch="false" />
			<line number="102"  hits="0"  branch="false" />
			<line number="103"  hits="0"  branch="false" />
			<line number="105"  hits="0"  branch="false" />
			<line number="106"  hits="0"  branch="false" />
			<line number="107"  hits="0"  branch="false" />
			<line number="109"  hits="0"  branch="false" />
			<line number="110"  hits="0"  branch="false" />
			<line number="118"  hits="1"  branch="false" />
			<line number="119"  hits="1"  branch="false" />
			<line number="120"  hits="1"  branch="true"  condition-coverage="50% (1/2)" />
			<line number="121"  hits="0"  branch="false" />
			<line number="122"  hits="0"  branch="false" />
			<line number="125"  hits="1"  branch="true"  condition-coverage="100% (3/3)" />
			<line number="127"  hits="1"  branch="true"  condition-coverage="50% (1/2)" />
			<line number="128"  hits="1"  branch="false" />
			<line number="129"  hits="1"  branch="false" />
			<line number="130"  hits="0"  branch="true"  condition-coverage="0% (0/2)" />
			<line number="131"  hits="0"  branch="false" />
			<line number="132"  hits="0"  branch="false" />
			<line number="136"  hits="1"  branch="false" />
			<line number="137"  hits="0"  branch="true"  condition-coverage="0% (0/2)" />
			<line number="138"  hits="0"  branch="false" />
			<line number="139"  hits="0"  branch="false" />
			<line number="140"  hits="0"  branch="true"  condition-coverage="0% (0/2)" />
			<line number="141"  hits="0"  branch="false" />
			<line number="142"  hits="0"  branch="false" />
			<line number="143"  hits="0"  branch="false" />
			<line number="147"  hits="0"  branch="true"  condition-coverage="0% (0/4)" />
			<line number="148"  hits="0"  branch="true"  condition-coverage="0% (0/2)" />
			<line number="149"  hits="0"  branch="false" />
			<line number="151"  hits="0"  branch="false" />
			<line number="152"  hits="0"  branch="false" />
			<line number="155"  hits="0"  branch="true"  condition-coverage="0% (0/4)" />
			<line number="156"  hits="0"  branch="true"  condition-coverage="0% (0/2)" />
			<line number="157"  hits="0"  branch="false" />
			<line number="159"  hits="0"  branch="false" />
			<line number="160"  hits="0"  branch="false" />
			<line number="161"  hits="0"  branch="false" />
			<line number="165"  hits="1"  branch="false" />
			<line number="166"  hits="1"  branch="false" />
			<line number="170"  hits="1"  branch="false" />
			<line number="172"  hits="1"  branch="false" />
			<line number="173"  hits="0"  branch="true"  condition-coverage="0% (0/2)" />
			<line number="174"  hits="0"  branch="false" />
			<line number="177"  hits="1"  branch="false" />
			<line number="178"  hits="0"  branch="false" />
			<line number="179"  hits="0"  branch="false" />
			<line number="180"  hits="0"  branch="false" />
			<line number="181"  hits="0"  branch="true"  condition-coverage="0% (0/2)" />
			<line number="182"  hits="0"  branch="false" />
			<line number="183"  hits="0"  branch="false" />
			<line number="185"  hits="0"  branch="false" />
			<line number="186"  hits="0"  branch="false" />
			<line number="189"  hits="1"  branch="true"  condition-coverage="50% (1/2)" />
			<line number="190"  hits="0"  branch="false" />
			<line number="193"  hits="1"  branch="false" />
			<line number="196"  hits="1"  branch="false" />
			<line number="197"  hits="1"  branch="true"  condition-coverage="50% (2/4)" />
			<line number="199"  hits="0"  branch="false" />
			<line number="201"  hits="0"  branch="false" />
			<line number="203"  hits="0"  branch="false" />
			<line number="206"  hits="0"  branch="true"  condition-coverage="0% (0/2)" />
			<line number="207"  hits="0"  branch="false" />
			<line number="210"  hits="0"  branch="true"  condition-coverage="0% (0/5)" />
			<line number="211"  hits="0"  branch="false" />
			<line number="212"  hits="0"  branch="false" />
			<line number="216"  hits="0"  branch="false" />
			<line number="217"  hits="0"  branch="false" />
			<line number="218"  hits="0"  branch="true"  condition-coverage="0% (0/2)" />
			<line number="219"  hits="0"  branch="false" />
			<line number="222"  hits="0"  branch="true"  condition-coverage="0% (0/5)" />
			<line number="223"  hits="0"  branch="false" />
			<line number="226"  hits="0"  branch="true"  condition-coverage="0% (0/5)" />
			<line number="227"  hits="0"  branch="false" />
			<line number="230"  hits="0"  branch="true"  condition-coverage="0% (0/2)" />
			<line number="231"  hits="0"  branch="false" />
			<line number="236"  hits="1"  branch="true"  condition-coverage="50% (1/2)" />
			<line number="237"  hits="0"  branch="false" />
			<line number="238"  hits="0"  branch="false" />
			<line number="241"  hits="0"  branch="true"  condition-coverage="0% (0/4)" />
			<line number="242"  hits="0"  branch="false" />
			<line number="244"  hits="0"  branch="true"  condition-coverage="0% (0/4)" />
			<line number="245"  hits="0"  branch="false" />
			<line number="247"  hits="0"  branch="true"  condition-coverage="0% (0/4)" />
			<line number="248"  hits="0"  branch="false" />
			<line number="253"  hits="1"  branch="false" />
			<line number="254"  hits="0"  branch="false" />
			<line number="255"  hits="0"  branch="true"  condition-coverage="0% (0/2)" />
			<line number="256"  hits="0"  branch="false" />
			<line number="258"  hits="0"  branch="false" />
			<line number="259"  hits="0"  branch="true"  condition-coverage="0% (0/8)" />
			<line number="262"  hits="0"  branch="false" />
			<line number="263"  hits="0"  branch="false" />
			<line number="264"  hits="0"  branch="true"  condition-coverage="0% (0/4)" />
			<line number="265"  hits="0"  branch="false" />
			<line number="266"  hits="0"  branch="false" />
			<line number="267"  hits="0"  branch="false" />
			<line number="268"  hits="0"  branch="true"  condition-coverage="0% (0/4)" />
			<line number="269"  hits="0"  branch="false" />
			<line number="271"  hits="0"  branch="false" />
			<line number="274"  hits="0"  branch="true"  condition-coverage="0% (0/2)" />
			<line number="275"  hits="0"  branch="false" />
			<line number="276"  hits="0"  branch="false" />
			<line number="277"  hits="0"  branch="true"  condition-coverage="0% (0/4)" />
			<line number="278"  hits="0"  branch="false" />
			<line number="281"  hits="0"  branch="false" />
			<line number="282"  hits="0"  branch="false" />
			<line number="284"  hits="0"  branch="false" />
			<line number="287"  hits="0"  branch="false" />
			<line number="288"  hits="0"  branch="false" />
			<line number="289"  hits="0"  branch="true"  condition-coverage="0% (0/4)" />
			<line number="290"  hits="0"  branch="false" />
			<line number="291"  hits="0"  branch="false" />
			<line number="292"  hits="0"  branch="false" />
			<line number="293"  hits="0"  branch="true"  condition-coverage="0% (0/4)" />
			<line number="294"  hits="0"  branch="false" />
			<line number="296"  hits="0"  branch="false" />
			<line number="299"  hits="0"  branch="true"  condition-coverage="0% (0/2)" />
			<line number="300"  hits="0"  branch="false" />
			<line number="301"  hits="0"  branch="false" />
			<line number="302"  hits="0"  branch="true"  condition-coverage="0% (0/4)" />
			<line number="303"  hits="0"  branch="false" />
			<line number="306"  hits="0"  branch="false" />
			<line number="307"  hits="0"  branch="false" />
			<line number="309"  hits="0"  branch="false" />
			<line number="312"  hits="0"  branch="false" />
			<line number="313"  hits="0"  branch="false" />
			<line number="314"  hits="0"  branch="true"  condition-coverage="0% (0/4)" />
			<line number="315"  hits="0"  branch="false" />
			<line number="316"  hits="0"  branch="false" />
			<line number="317"  hits="0"  branch="false" />
			<line number="318"  hits="0"  branch="true"  condition-coverage="0% (0/4)" />
			<line number="319"  hits="0"  branch="false" />
			<line number="321"  hits="0"  branch="false" />
			<line number="324"  hits="0"  branch="true"  condition-coverage="0% (0/2)" />
			<line number="325"  hits="0"  branch="false" />
			<line number="326"  hits="0"  branch="false" />
			<line number="327"  hits="0"  branch="true"  condition-coverage="0% (0/4)" />
			<line number="328"  hits="0"  branch="false" />
			<line number="331"  hits="0"  branch="false" />
			<line number="332"  hits="0"  branch="false" />
			<line number="334"  hits="0"  branch="false" />
			<line number="337"  hits="0"  branch="false" />
			<line number="338"  hits="0"  branch="false" />
			<line number="339"  hits="0"  branch="true"  condition-coverage="0% (0/4)" />
			<line number="340"  hits="0"  branch="false" />
			<line number="341"  hits="0"  branch="false" />
			<line number="342"  hits="0"  branch="false" />
			<line number="343"  hits="0"  branch="true"  condition-coverage="0% (0/4)" />
			<line number="344"  hits="0"  branch="false" />
			<line number="346"  hits="0"  branch="false" />
			<line number="349"  hits="0"  branch="true"  condition-coverage="0% (0/2)" />
			<line number="350"  hits="0"  branch="false" />
			<line number="351"  hits="0"  branch="false" />
			<line number="352"  hits="0"  branch="true"  condition-coverage="0% (0/4)" />
			<line number="353"  hits="0"  branch="false" />
			<line number="356"  hits="0"  branch="false" />
			<line number="357"  hits="0"  branch="false" />
			<line number="359"  hits="0"  branch="false" />
			<line number="365"  hits="1"  branch="false" />
			<line number="367"  hits="0"  branch="false" />
			<line number="368"  hits="0"  branch="false" />
			<line number="369"  hits="0"  branch="true"  condition-coverage="0% (0/2)" />
			<line number="370"  hits="0"  branch="false" />
			<line number="373"  hits="0"  branch="false" />
			<line number="382"  hits="1"  branch="false" />
			<line number="383"  hits="2"  branch="false" />
			<line number="384"  hits="2"  branch="true"  condition-coverage="100% (2/2)" />
			<line number="385"  hits="1"  branch="false" />
			<line number="386"  hits="1"  branch="false" />
			<line number="398"  hits="1"  branch="true"  condition-coverage="50% (1/2)" />
			<line number="399"  hits="1"  branch="false" />
			<line number="401"  hits="0"  branch="false" />
			<line number="402"  hits="0"  branch="false" />
			<line number="403"  hits="0"  branch="true"  condition-coverage="0% (0/2)" />
			<line number="404"  hits="0"  branch="true"  condition-coverage="0% (0/4)" />
			<line number="405"  hits="0"  branch="true"  condition-coverage="0% (0/2)" />
			<line number="406"  hits="0"  branch="false" />
			<line number="407"  hits="0"  branch="true"  condition-coverage="0% (0/2)" />
			<line number="408"  hits="0"  branch="true"  condition-coverage="0% (0/2)" />
			<line number="410"  hits="0"  branch="false" />
			<line number="411"  hits="0"  branch="false" />
			<line number="412"  hits="0"  branch="false" />
			<line number="413"  hits="0"  branch="true"  condition-coverage="0% (0/2)" />
			<line number="414"  hits="0"  branch="false" />
			<line number="418"  hits="0"  branch="false" />
			<line number="420"  hits="0"  branch="true"  condition-coverage="0% (0/2)" />
			<line number="421"  hits="0"  branch="true"  condition-coverage="0% (0/2)" />
			<line number="422"  hits="0"  branch="false" />
			<line number="424"  hits="0"  branch="true"  condition-coverage="0% (0/2)" />
			<line number="425"  hits="0"  branch="false" />
			<line number="428"  hits="0"  branch="false" />
			<line number="429"  hits="0"  branch="false" />
			<line number="430"  hits="0"  branch="false" />
			<line number="433"  hits="0"  branch="true"  condition-coverage="0% (0/2)" />
			<line number="437"  hits="1"  branch="false" />
			<line number="438"  hits="0"  branch="true"  condition-coverage="0% (0/2)" />
			<line number="439"  hits="0"  branch="false" />
			<line number="441"  hits="0"  branch="false" />
			<line number="443"  hits="0"  branch="true"  condition-coverage="0% (0/2)" />
			<line number="444"  hits="0"  branch="false" />
			<line number="446"  hits="0"  branch="false" />
			<line number="448"  hits="1"  branch="true"  condition-coverage="50% (1/2)" />
			<line number="449"  hits="1"  branch="false" />
			<line number="450"  hits="0"  branch="false" />
			<line number="452"  hits="1"  branch="false" />
			<line number="453"  hits="0"  branch="false" />
			<line number="458"  hits="1"  branch="false" />
			<line number="459"  hits="0"  branch="true"  condition-coverage="0% (0/2)" />
			<line number="460"  hits="0"  branch="false" />
			<line number="461"  hits="0"  branch="false" />
			<line number="463"  hits="0"  branch="false" />
			<line number="465"  hits="0"  branch="true"  condition-coverage="0% (0/2)" />
			<line number="466"  hits="0"  branch="false" />
			<line number="468"  hits="0"  branch="false" />
			<line number="470"  hits="1"  branch="true"  condition-coverage="50% (1/2)" />
			<line number="471"  hits="1"  branch="false" />
			<line number="472"  hits="0"  branch="true"  condition-coverage="0% (0/2)" />
			<line number="473"  hits="0"  branch="false" />
			<line number="478"  hits="1"  branch="false" />
			<line number="479"  hits="0"  branch="false" />
			<line number="480"  hits="0"  branch="false" />
			<line number="481"  hits="0"  branch="true"  condition-coverage="0% (0/7)" />
			<line number="482"  hits="0"  branch="false" />
			<line number="486"  hits="1"  branch="false" />
			<line number="487"  hits="0"  branch="false" />
			<line number="490"  hits="1"  branch="false" />
			<line number="491"  hits="0"  branch="false" />
			<line number="494"  hits="1"  branch="false" />
			<line number="495"  hits="0"  branch="false" />
			<line number="498"  hits="1"  branch="false" />
			<line number="499"  hits="0"  branch="false" />
			<line number="502"  hits="1"  branch="false" />
			<line number="503"  hits="0"  branch="false" />
			<line number="504"  hits="0"  branch="false" />
			<line number="507"  hits="1"  branch="false" />
			<line number="508"  hits="0"  branch="true"  condition-coverage="0% (0/2)" />
			<line number="509"  hits="0"  branch="false" />
			<line number="511"  hits="0"  branch="false" />
			<line number="513"  hits="0"  branch="false" />
			<line number="516"  hits="1"  branch="false" />
			<line number="517"  hits="0"  branch="true"  condition-coverage="0% (0/3)" />
			<line number="519"  hits="0"  branch="false" />
			<line number="520"  hits="0"  branch="false" />
			<line number="522"  hits="0"  branch="false" />
			<line number="523"  hits="0"  branch="false" />
			<line number="525"  hits="0"  branch="false" />
			<line number="526"  hits="0"  branch="false" />
			<line number="527"  hits="0"  branch="false" />
			<line number="530"  hits="0"  branch="false" />
			<line number="538"  hits="1"  branch="false" />
			<line number="539"  hits="0"  branch="false" />
			<line number="540"  hits="0"  branch="true"  condition-coverage="0% (0/2)" />
			<line number="541"  hits="0"  branch="true"  condition-coverage="0% (0/2)" />
			<line number="542"  hits="0"  branch="false" />
			<line number="545"  hits="0"  branch="false" />
			<line number="546"  hits="0"  branch="false" />
			<line number="547"  hits="0"  branch="false" />
			<line number="548"  hits="0"  branch="true"  condition-coverage="0% (0/5)" />
			<line number="549"  hits="0"  branch="false" />
			<line number="550"  hits="0"  branch="false" />
			<line number="559"  hits="1"  branch="false" />
			<line number="560"  hits="0"  branch="false" />
			<line number="561"  hits="0"  branch="true"  condition-coverage="0% (0/2)" />
			<line number="562"  hits="0"  branch="false" />
			<line number="573"  hits="1"  branch="false" />
			<line number="575"  hits="0"  branch="true"  condition-coverage="0% (0/2)" />
			<line number="576"  hits="0"  branch="false" />
			<line number="577"  hits="0"  branch="false" />
			<line number="579"  hits="0"  branch="true"  condition-coverage="0% (0/4)" />
			<line number="580"  hits="0"  branch="false" />
			<line number="581"  hits="0"  branch="false" />
			<line number="584"  hits="0"  branch="false" />
			<line number="585"  hits="0"  branch="false" />
			<line number="586"  hits="0"  branch="false" />
			<line number="587"  hits="0"  branch="true"  condition-coverage="0% (0/2)" />
			<line number="588"  hits="0"  branch="false" />
			<line number="590"  hits="0"  branch="false" />
			<line number="592"  hits="0"  branch="false" />
			<line number="595"  hits="0"  branch="false" />
			<line number="596"  hits="0"  branch="false" />
			<line number="597"  hits="0"  branch="true"  condition-coverage="0% (0/4)" />
			<line number="598"  hits="0"  branch="false" />
			<line number="600"  hits="0"  branch="false" />
			<line number="601"  hits="0"  branch="true"  condition-coverage="0% (0/5)" />
			<line number="603"  hits="0"  branch="false" />
			<line number="605"  hits="0"  branch="false" />
			<line number="607"  hits="0"  branch="false" />
			<line number="611"  hits="0"  branch="false" />
			<line number="617"  hits="0"  branch="false" />
			<line number="618"  hits="0"  branch="true"  condition-coverage="0% (0/2)" />
			<line number="619"  hits="0"  branch="false" />
			<line number="621"  hits="0"  branch="false" />
			<line number="625"  hits="0"  branch="false" />
			<line number="626"  hits="0"  branch="false" />
			<line number="627"  hits="0"  branch="false" />
			<line number="628"  hits="0"  branch="true"  condition-coverage="0% (0/2)" />
			<line number="629"  hits="0"  branch="false" />
			<line number="631"  hits="0"  branch="false" />
			<line number="633"  hits="0"  branch="false" />
			<line number="636"  hits="0"  branch="true"  condition-coverage="0% (0/5)" />
			<line number="637"  hits="0"  branch="false" />
			<line number="638"  hits="0"  branch="false" />
			<line number="641"  hits="0"  branch="false" />
			<line number="642"  hits="0"  branch="false" />
			<line number="643"  hits="0"  branch="true"  condition-coverage="0% (0/2)" />
			<line number="644"  hits="0"  branch="false" />
			<line number="645"  hits="0"  branch="false" />
			<line number="652"  hits="1"  branch="false" />
			<line number="653"  hits="0"  branch="false" />
			<line number="654"  hits="0"  branch="false" />
			<line number="655"  hits="0"  branch="true"  condition-coverage="0% (0/2)" />
			<line number="657"  hits="0"  branch="false" />
			<line number="658"  hits="0"  branch="true"  condition-coverage="0% (0/2)" />
			<line number="660"  hits="0"  branch="true"  condition-coverage="0% (0/2)" />
			<line number="661"  hits="0"  branch="false" />
			<line number="663"  hits="0"  branch="false" />
			<line number="665"  hits="0"  branch="true"  condition-coverage="0% (0/2)" />
			<line number="666"  hits="0"  branch="false" />
			<line number="668"  hits="0"  branch="false" />
			<line number="673"  hits="0"  branch="false" />
			<line number="684"  hits="1"  branch="false" />
			<line number="685"  hits="1"  branch="false" />
			<line number="686"  hits="0"  branch="false" />
			<line number="687"  hits="0"  branch="true"  condition-coverage="0% (0/2)" />
			<line number="688"  hits="0"  branch="false" />
			<line number="689"  hits="0"  branch="false" />
			<line number="690"  hits="0"  branch="true"  condition-coverage="0% (0/2)" />
			<line number="693"  hits="0"  branch="true"  condition-coverage="0% (0/2)" />
			<line number="694"  hits="0"  branch="true"  condition-coverage="0% (0/2)" />
			<line number="695"  hits="0"  branch="false" />
			<line number="696"  hits="0"  branch="false" />
			<line number="699"  hits="0"  branch="true"  condition-coverage="0% (0/2)" />
			<line number="700"  hits="0"  branch="false" />
			<line number="701"  hits="0"  branch="false" />
			<line number="702"  hits="0"  branch="true"  condition-coverage="0% (0/2)" />
			<line number="703"  hits="0"  branch="false" />
			<line number="704"  hits="0"  branch="true"  condition-coverage="0% (0/2)" />
			<line number="705"  hits="0"  branch="false" />
			<line number="707"  hits="0"  branch="false" />
			<line number="709"  hits="0"  branch="false" />
			<line number="713"  hits="0"  branch="true"  condition-coverage="0% (0/2)" />
			<line number="714"  hits="0"  branch="false" />
			<line number="715"  hits="0"  branch="false" />
			<line number="716"  hits="0"  branch="true"  condition-coverage="0% (0/2)" />
			<line number="717"  hits="0"  branch="false" />
			<line number="719"  hits="0"  branch="true"  condition-coverage="0% (0/2)" />
			<line number="720"  hits="0"  branch="false" />
			<line number="721"  hits="0"  branch="false" />
			<line number="724"  hits="0"  branch="false" />
			<line number="726"  hits="0"  branch="false" />
			<line number="727"  hits="0"  branch="false" />
			<line number="728"  hits="0"  branch="true"  condition-coverage="0% (0/2)" />
			<line number="729"  hits="0"  branch="false" />
			<line number="730"  hits="0"  branch="false" />
			<line number="732"  hits="0"  branch="false" />
			<line number="736"  hits="0"  branch="true"  condition-coverage="0% (0/4)" />
			<line number="737"  hits="0"  branch="true"  condition-coverage="0% (0/2)" />
			<line number="739"  hits="0"  branch="true"  condition-coverage="0% (0/7)" />
			<line number="742"  hits="0"  branch="false" />
			<line number="743"  hits="0"  branch="true"  condition-coverage="0% (0/4)" />
			<line number="744"  hits="0"  branch="false" />
			<line number="745"  hits="0"  branch="false" />
			<line number="746"  hits="0"  branch="false" />
			<line number="747"  hits="0"  branch="true"  condition-coverage="0% (0/2)" />
			<line number="748"  hits="0"  branch="false" />
			<line number="749"  hits="0"  branch="true"  condition-coverage="0% (0/2)" />
			<line number="750"  hits="0"  branch="false" />
			<line number="751"  hits="0"  branch="false" />
			<line number="752"  hits="0"  branch="false" />
			<line number="753"  hits="0"  branch="true"  condition-coverage="0% (0/2)" />
			<line number="754"  hits="0"  branch="false" />
			<line number="755"  hits="0"  branch="false" />
			<line number="756"  hits="0"  branch="false" />
			<line number="759"  hits="0"  branch="false" />
			<line number="761"  hits="0"  branch="false" />
			<line number="763"  hits="0"  branch="false" />
			<line number="764"  hits="0"  branch="true"  condition-coverage="0% (0/2)" />
			<line number="765"  hits="0"  branch="false" />
			<line number="767"  hits="0"  branch="false" />
			<line number="768"  hits="0"  branch="false" />
			<line number="769"  hits="0"  branch="false" />
			<line number="772"  hits="0"  branch="false" />
			<line number="773"  hits="0"  branch="false" />
			<line number="775"  hits="0"  branch="false" />
			<line number="776"  hits="0"  branch="true"  condition-coverage="0% (0/2)" />
			<line number="777"  hits="0"  branch="false" />
			<line number="778"  hits="0"  branch="true"  condition-coverage="0% (0/2)" />
			<line number="779"  hits="0"  branch="false" />
			<line number="780"  hits="0"  branch="false" />
			<line number="784"  hits="0"  branch="true"  condition-coverage="0% (0/4)" />
			<line number="785"  hits="0"  branch="false" />
			<line number="786"  hits="0"  branch="false" />
			<line number="789"  hits="0"  branch="true"  condition-coverage="0% (0/2)" />
			<line number="790"  hits="0"  branch="false" />
			<line number="791"  hits="0"  branch="false" />
			<line number="796"  hits="0"  branch="true"  condition-coverage="0% (0/4)" />
			<line number="797"  hits="0"  branch="false" />
			<line number="800"  hits="0"  branch="false" />
			<line number="802"  hits="0"  branch="false" />
			<line number="803"  hits="0"  branch="false" />
			<line number="805"  hits="0"  branch="false" />
			<line number="806"  hits="0"  branch="false" />
			<line number="808"  hits="0"  branch="false" />
			<line number="809"  hits="0"  branch="false" />
			<line number="812"  hits="0"  branch="false" />
			<line number="816"  hits="1"  branch="false" />
			<line number="817"  hits="0"  branch="true"  condition-coverage="0% (0/4)" />
			<line number="818"  hits="0"  branch="false" />
			<line number="831"  hits="1"  branch="false" />
			<line number="833"  hits="1"  branch="false" />
			<line number="834"  hits="1"  branch="false" />
			<line number="835"  hits="0"  branch="false" />
			<line number="836"  hits="0"  branch="false" />
			<line number="837"  hits="0"  branch="false" />
			<line number="838"  hits="0"  branch="true"  condition-coverage="0% (0/2)" />
			<line number="839"  hits="0"  branch="true"  condition-coverage="0% (0/4)" />
			<line number="842"  hits="0"  branch="true"  condition-coverage="0% (0/4)" />
			<line number="843"  hits="0"  branch="false" />
			<line number="844"  hits="0"  branch="false" />
			<line number="846"  hits="0"  branch="true"  condition-coverage="0% (0/2)" />
			<line number="847"  hits="0"  branch="false" />
			<line number="848"  hits="0"  branch="false" />
			<line number="850"  hits="0"  branch="true"  condition-coverage="0% (0/2)" />
			<line number="851"  hits="0"  branch="false" />
			<line number="852"  hits="0"  branch="false" />
			<line number="869"  hits="1"  branch="false" />
			<line number="871"  hits="0"  branch="true"  condition-coverage="0% (0/2)" />
			<line number="872"  hits="0"  branch="false" />
			<line number="873"  hits="0"  branch="true"  condition-coverage="0% (0/2)" />
			<line number="874"  hits="0"  branch="false" />
			<line number="875"  hits="0"  branch="false" />
			<line number="888"  hits="1"  branch="false" />
			<line number="889"  hits="0"  branch="false" />
			<line number="890"  hits="0"  branch="true"  condition-coverage="0% (0/2)" />
			<line number="891"  hits="0"  branch="false" />
			<line number="892"  hits="0"  branch="true"  condition-coverage="0% (0/4)" />
			<line number="893"  hits="0"  branch="false" />
			<line number="894"  hits="0"  branch="false" />
			<line number="896"  hits="0"  branch="false" />
			<line number="897"  hits="0"  branch="false" />
			<line number="898"  hits="0"  branch="true"  condition-coverage="0% (0/2)" />
			<line number="899"  hits="0"  branch="false" />
			<line number="914"  hits="1"  branch="false" />
			<line number="915"  hits="0"  branch="false" />
			<line number="916"  hits="0"  branch="false" />
			<line number="917"  hits="0"  branch="false" />
			<line number="919"  hits="0"  branch="false" />
			<line number="920"  hits="0"  branch="false" />
			<line number="921"  hits="0"  branch="false" />
			<line number="922"  hits="0"  branch="false" />
			<line number="924"  hits="0"  branch="false" />
			<line number="925"  hits="0"  branch="false" />
			<line number="926"  hits="0"  branch="false" />
			<line number="927"  hits="0"  branch="true"  condition-coverage="0% (0/4)" />
			<line number="928"  hits="0"  branch="false" />
			<line number="929"  hits="0"  branch="false" />
			<line number="933"  hits="0"  branch="true"  condition-coverage="0% (0/6)" />
			<line number="935"  hits="0"  branch="true"  condition-coverage="0% (0/2)" />
			<line number="936"  hits="0"  branch="false" />
			<line number="939"  hits="0"  branch="true"  condition-coverage="0% (0/2)" />
			<line number="940"  hits="0"  branch="false" />
			<line number="943"  hits="0"  branch="true"  condition-coverage="0% (0/2)" />
			<line number="944"  hits="0"  branch="true"  condition-coverage="0% (0/2)" />
			<line number="945"  hits="0"  branch="false" />
			<line number="950"  hits="0"  branch="true"  condition-coverage="0% (0/2)" />
			<line number="951"  hits="0"  branch="true"  condition-coverage="0% (0/2)" />
			<line number="952"  hits="0"  branch="false" />
			<line number="956"  hits="0"  branch="false" />
			<line number="957"  hits="0"  branch="false" />
			<line number="958"  hits="0"  branch="false" />
			<line number="959"  hits="0"  branch="true"  condition-coverage="0% (0/4)" />
			<line number="960"  hits="0"  branch="false" />
			<line number="961"  hits="0"  branch="false" />
			<line number="972"  hits="1"  branch="false" />
			<line number="973"  hits="0"  branch="false" />
			<line number="982"  hits="1"  branch="false" />
			<line number="983"  hits="0"  branch="false" />
			<line number="985"  hits="0"  branch="true"  condition-coverage="0% (0/4)" />
			<line number="986"  hits="0"  branch="false" />
			<line number="988"  hits="0"  branch="false" />
			<line number="990"  hits="0"  branch="false" />
			<line number="991"  hits="0"  branch="false" />
			<line number="992"  hits="0"  branch="true"  condition-coverage="0% (0/4)" />
			<line number="993"  hits="0"  branch="false" />
			<line number="994"  hits="0"  branch="false" />
			<line number="996"  hits="0"  branch="true"  condition-coverage="0% (0/2)" />
			<line number="997"  hits="0"  branch="false" />
			<line number="1001"  hits="0"  branch="false" />
			<line number="1003"  hits="0"  branch="false" />
			<line number="1004"  hits="0"  branch="false" />
			<line number="1005"  hits="0"  branch="false" />
			<line number="1007"  hits="0"  branch="false" />
			<line number="1008"  hits="0"  branch="false" />
			<line number="1010"  hits="0"  branch="false" />
			<line number="1013"  hits="1"  branch="false" />
			<line number="1014"  hits="0"  branch="true"  condition-coverage="0% (0/2)" />
			<line number="1015"  hits="0"  branch="false" />
			<line number="1016"  hits="0"  branch="false" />
			<line number="1017"  hits="0"  branch="false" />
			<line number="1018"  hits="0"  branch="true"  condition-coverage="0% (0/4)" />
			<line number="1019"  hits="0"  branch="false" />
			<line number="1020"  hits="0"  branch="false" />
			<line number="1022"  hits="0"  branch="false" />
			<line number="1023"  hits="0"  branch="false" />
			<line number="1036"  hits="1"  branch="false" />
			<line number="1037"  hits="0"  branch="true"  condition-coverage="0% (0/4)" />
			<line number="1038"  hits="0"  branch="false" />
			<line number="1040"  hits="0"  branch="false" />
			<line number="1042"  hits="0"  branch="true"  condition-coverage="0% (0/2)" />
			<line number="1043"  hits="0"  branch="false" />
			<line number="1044"  hits="0"  branch="true"  condition-coverage="0% (0/4)" />
			<line number="1045"  hits="0"  branch="false" />
			<line number="1050"  hits="0"  branch="false" />
			<line number="1053"  hits="0"  branch="false" />
			<line number="1054"  hits="0"  branch="false" />
			<line number="1057"  hits="0"  branch="false" />
			<line number="1058"  hits="0"  branch="false" />
			<line number="1059"  hits="0"  branch="false" />
			<line number="1060"  hits="0"  branch="false" />
			<line number="1070"  hits="1"  branch="false" />
			<line number="1071"  hits="0"  branch="false" />
			<line number="1072"  hits="0"  branch="false" />
			<line number="1074"  hits="0"  branch="false" />
			<line number="1075"  hits="0"  branch="true"  condition-coverage="0% (0/2)" />
			<line number="1076"  hits="0"  branch="false" />
			<line number="1079"  hits="0"  branch="false" />
			<line number="1080"  hits="0"  branch="false" />
			<line number="1081"  hits="0"  branch="false" />
			<line number="1082"  hits="0"  branch="false" />
			<line number="1083"  hits="0"  branch="false" />
			<line number="1084"  hits="0"  branch="false" />
			<line number="1094"  hits="1"  branch="false" />
			<line number="1095"  hits="0"  branch="true"  condition-coverage="0% (0/2)" />
			<line number="1097"  hits="0"  branch="false" />
			<line number="1098"  hits="0"  branch="false" />
			<line number="1099"  hits="0"  branch="false" />
			<line number="1100"  hits="0"  branch="false" />
			<line number="1101"  hits="0"  branch="false" />
			<line number="1102"  hits="0"  branch="false" />
			<line number="1103"  hits="0"  branch="false" />
			<line number="1104"  hits="0"  branch="false" />
			<line number="1105"  hits="0"  branch="false" />
			<line number="1106"  hits="0"  branch="false" />
			<line number="1107"  hits="0"  branch="false" />
			<line number="1109"  hits="0"  branch="false" />
			<line number="1110"  hits="0"  branch="false" />
			<line number="1111"  hits="0"  branch="false" />
			<line number="1112"  hits="0"  branch="false" />
			<line number="1119"  hits="1"  branch="false" />
			<line number="1120"  hits="0"  branch="false" />
			<line number="1121"  hits="0"  branch="false" />
			<line number="1127"  hits="1"  branch="false" />
			<line number="1128"  hits="0"  branch="false" />
			<line number="1129"  hits="0"  branch="false" />
			<line number="1132"  hits="1"  branch="false" />
			<line number="1133"  hits="0"  branch="false" />
			<line number="1134"  hits="0"  branch="false" />
			<line number="1135"  hits="0"  branch="false" />
			<line number="1138"  hits="1"  branch="false" />
			<line number="1140"  hits="0"  branch="true"  condition-coverage="0% (0/2)" />
			<line number="1141"  hits="0"  branch="true"  condition-coverage="0% (0/2)" />
			<line number="1143"  hits="0"  branch="false" />
			<line number="1147"  hits="0"  branch="true"  condition-coverage="0% (0/4)" />
			<line number="1148"  hits="0"  branch="false" />
			<line number="1150"  hits="0"  branch="true"  condition-coverage="0% (0/4)" />
			<line number="1151"  hits="0"  branch="true"  condition-coverage="0% (0/4)" />
			<line number="1152"  hits="0"  branch="false" />
			<line number="1154"  hits="0"  branch="true"  condition-coverage="0% (0/2)" />
			<line number="1155"  hits="0"  branch="false" />
			<line number="1158"  hits="0"  branch="true"  condition-coverage="0% (0/4)" />
			<line number="1159"  hits="0"  branch="false" />
			<line number="1160"  hits="0"  branch="true"  condition-coverage="0% (0/2)" />
			<line number="1161"  hits="0"  branch="false" />
			<line number="1164"  hits="0"  branch="true"  condition-coverage="0% (0/4)" />
			<line number="1165"  hits="0"  branch="false" />
			<line number="1170"  hits="0"  branch="true"  condition-coverage="0% (0/2)" />
			<line number="1171"  hits="0"  branch="false" />
			<line number="1173"  hits="0"  branch="false" />
			<line number="1174"  hits="0"  branch="true"  condition-coverage="0% (0/2)" />
			<line number="1175"  hits="0"  branch="true"  condition-coverage="0% (0/2)" />
			<line number="1176"  hits="0"  branch="false" />
			<line number="1177"  hits="0"  branch="true"  condition-coverage="0% (0/7)" />
			<line number="1178"  hits="0"  branch="false" />
			<line number="1182"  hits="0"  branch="true"  condition-coverage="0% (0/2)" />
			<line number="1183"  hits="0"  branch="false" />
			<line number="1184"  hits="0"  branch="false" />
			<line number="1185"  hits="0"  branch="false" />
			<line number="1186"  hits="0"  branch="true"  condition-coverage="0% (0/2)" />
			<line number="1187"  hits="0"  branch="true"  condition-coverage="0% (0/2)" />
			<line number="1188"  hits="0"  branch="true"  condition-coverage="0% (0/2)" />
			<line number="1189"  hits="0"  branch="true"  condition-coverage="0% (0/5)" />
			<line number="1190"  hits="0"  branch="false" />
			<line number="1192"  hits="0"  branch="true"  condition-coverage="0% (0/2)" />
			<line number="1193"  hits="0"  branch="false" />
			<line number="1194"  hits="0"  branch="true"  condition-coverage="0% (0/2)" />
			<line number="1195"  hits="0"  branch="true"  condition-coverage="0% (0/2)" />
			<line number="1197"  hits="0"  branch="false" />
			<line number="1198"  hits="0"  branch="true"  condition-coverage="0% (0/2)" />
			<line number="1199"  hits="0"  branch="true"  condition-coverage="0% (0/2)" />
			<line number="1200"  hits="0"  branch="true"  condition-coverage="0% (0/9)" />
			<line number="1204"  hits="0"  branch="false" />
			<line number="1207"  hits="0"  branch="false" />
			<line number="1213"  hits="1"  branch="false" />
			<line number="1214"  hits="0"  branch="true"  condition-coverage="0% (0/2)" />
			<line number="1215"  hits="0"  branch="false" />
			<line number="1217"  hits="0"  branch="true"  condition-coverage="0% (0/2)" />
			<line number="1218"  hits="0"  branch="false" />
			<line number="1220"  hits="0"  branch="true"  condition-coverage="0% (0/2)" />
			<line number="1221"  hits="0"  branch="false" />
			<line number="1226"  hits="0"  branch="true"  condition-coverage="0% (0/2)" />
			<line number="1227"  hits="0"  branch="false" />
			<line number="1228"  hits="0"  branch="false" />
			<line number="1229"  hits="0"  branch="false" />
			<line number="1230"  hits="0"  branch="true"  condition-coverage="0% (0/2)" />
			<line number="1231"  hits="0"  branch="false" />
			<line number="1237"  hits="0"  branch="true"  condition-coverage="0% (0/2)" />
			<line number="1238"  hits="0"  branch="false" />
			<line number="1239"  hits="0"  branch="false" />
			<line number="1240"  hits="0"  branch="false" />
			<line number="1241"  hits="0"  branch="true"  condition-coverage="0% (0/2)" />
			<line number="1242"  hits="0"  branch="false" />
			<line number="1250"  hits="1"  branch="false" />
			<line number="1252"  hits="0"  branch="true"  condition-coverage="0% (0/2)" />
			<line number="1253"  hits="0"  branch="false" />
			<line number="1254"  hits="0"  branch="true"  condition-coverage="0% (0/4)" />
			<line number="1255"  hits="0"  branch="false" />
			<line number="1263"  hits="1"  branch="false" />
			<line number="1264"  hits="0"  branch="true"  condition-coverage="0% (0/4)" />
			<line number="1265"  hits="0"  branch="true"  condition-coverage="0% (0/4)" />
			<line number="1266"  hits="0"  branch="false" />
			<line number="1267"  hits="0"  branch="true"  condition-coverage="0% (0/4)" />
			<line number="1268"  hits="0"  branch="true"  condition-coverage="0% (0/2)" />
			<line number="1269"  hits="0"  branch="false" />
			<line number="1270"  hits="0"  branch="true"  condition-coverage="0% (0/2)" />
			<line number="1271"  hits="0"  branch="false" />
			<line number="1276"  hits="0"  branch="false" />
			<line number="1284"  hits="1"  branch="false" />
			<line number="1286"  hits="0"  branch="true"  condition-coverage="0% (0/2)" />
			<line number="1287"  hits="0"  branch="false" />
			<line number="1288"  hits="0"  branch="true"  condition-coverage="0% (0/4)" />
			<line number="1289"  hits="0"  branch="false" />
			<line number="1294"  hits="0"  branch="true"  condition-coverage="0% (0/2)" />
			<line number="1295"  hits="0"  branch="false" />
			<line number="1297"  hits="0"  branch="true"  condition-coverage="0% (0/4)" />
			<line number="1298"  hits="0"  branch="true"  condition-coverage="0% (0/4)" />
			<line number="1299"  hits="0"  branch="false" />
			<line number="1302"  hits="0"  branch="false" />
			<line number="1303"  hits="0"  branch="false" />
			<line number="1304"  hits="0"  branch="false" />
			<line number="1305"  hits="0"  branch="true"  condition-coverage="0% (0/4)" />
			<line number="1306"  hits="0"  branch="false" />
			<line number="1309"  hits="0"  branch="true"  condition-coverage="0% (0/2)" />
			<line number="1310"  hits="0"  branch="false" />
			<line number="1324"  hits="1"  branch="false" />
			<line number="1325"  hits="0"  branch="true"  condition-coverage="0% (0/2)" />
			<line number="1326"  hits="0"  branch="true"  condition-coverage="0% (0/2)" />
			<line number="1328"  hits="0"  branch="true"  condition-coverage="0% (0/4)" />
			<line number="1329"  hits="0"  branch="false" />
			<line number="1330"  hits="0"  branch="false" />
			<line number="1332"  hits="0"  branch="false" />
			<line number="1333"  hits="0"  branch="false" />
			<line number="1334"  hits="0"  branch="false" />
			<line number="1335"  hits="0"  branch="false" />
			<line number="1336"  hits="0"  branch="true"  condition-coverage="0% (0/2)" />
			<line number="1337"  hits="0"  branch="false" />
			<line number="1338"  hits="0"  branch="true"  condition-coverage="0% (0/3)" />
			<line number="1340"  hits="0"  branch="false" />
			<line number="1341"  hits="0"  branch="false" />
			<line number="1343"  hits="0"  branch="false" />
			<line number="1344"  hits="0"  branch="false" />
			<line number="1346"  hits="0"  branch="false" />
			<line number="1347"  hits="0"  branch="false" />
			<line number="1352"  hits="0"  branch="false" />
			<line number="1356"  hits="0"  branch="false" />
			<line number="1357"  hits="0"  branch="true"  condition-coverage="0% (0/4)" />
			<line number="1358"  hits="0"  branch="true"  condition-coverage="0% (0/2)" />
			<line number="1359"  hits="0"  branch="false" />
			<line number="1366"  hits="0"  branch="false" />
			<line number="1367"  hits="0"  branch="false" />
			<line number="1368"  hits="0"  branch="false" />
			<line number="1369"  hits="0"  branch="true"  condition-coverage="0% (0/2)" />
			<line number="1371"  hits="0"  branch="false" />
			<line number="1372"  hits="0"  branch="true"  condition-coverage="0% (0/3)" />
			<line number="1374"  hits="0"  branch="false" />
			<line number="1375"  hits="0"  branch="false" />
			<line number="1377"  hits="0"  branch="false" />
			<line number="1378"  hits="0"  branch="false" />
			<line number="1380"  hits="0"  branch="false" />
			<line number="1381"  hits="0"  branch="false" />
			<line number="1385"  hits="0"  branch="false" />
			<line number="1388"  hits="0"  branch="false" />
			<line number="1389"  hits="0"  branch="false" />
			<line number="1390"  hits="0"  branch="false" />
			<line number="1391"  hits="0"  branch="true"  condition-coverage="0% (0/2)" />
			<line number="1392"  hits="0"  branch="false" />
			<line number="1393"  hits="0"  branch="true"  condition-coverage="0% (0/2)" />
			<line number="1395"  hits="0"  branch="false" />
			<line number="1396"  hits="0"  branch="true"  condition-coverage="0% (0/3)" />
			<line number="1398"  hits="0"  branch="false" />
			<line number="1399"  hits="0"  branch="true"  condition-coverage="0% (0/2)" />
			<line number="1400"  hits="0"  branch="false" />
			<line number="1402"  hits="0"  branch="false" />
			<line number="1403"  hits="0"  branch="true"  condition-coverage="0% (0/2)" />
			<line number="1404"  hits="0"  branch="false" />
			<line number="1405"  hits="0"  branch="false" />
			<line number="1406"  hits="0"  branch="true"  condition-coverage="0% (0/2)" />
			<line number="1407"  hits="0"  branch="false" />
			<line number="1408"  hits="0"  branch="false" />
			<line number="1412"  hits="0"  branch="false" />
			<line number="1414"  hits="0"  branch="false" />
			<line number="1415"  hits="0"  branch="true"  condition-coverage="0% (0/2)" />
			<line number="1416"  hits="0"  branch="false" />
			<line number="1419"  hits="0"  branch="false" />
			<line number="1421"  hits="0"  branch="false" />
			<line number="1422"  hits="0"  branch="true"  condition-coverage="0% (0/2)" />
			<line number="1423"  hits="0"  branch="false" />
			<line number="1426"  hits="0"  branch="false" />
			<line number="1431"  hits="0"  branch="true"  condition-coverage="0% (0/2)" />
			<line number="1437"  hits="0"  branch="false" />
			<line number="1438"  hits="0"  branch="true"  condition-coverage="0% (0/2)" />
			<line number="1440"  hits="0"  branch="true"  condition-coverage="0% (0/2)" />
			<line number="1441"  hits="0"  branch="false" />
			<line number="1446"  hits="0"  branch="false" />
			<line number="1447"  hits="0"  branch="true"  condition-coverage="0% (0/2)" />
			<line number="1448"  hits="0"  branch="false" />
			<line number="1452"  hits="0"  branch="false" />
			<line number="1453"  hits="0"  branch="true"  condition-coverage="0% (0/2)" />
			<line number="1454"  hits="0"  branch="false" />
			<line number="1458"  hits="0"  branch="false" />
			<line number="1459"  hits="0"  branch="false" />
			<line number="1462"  hits="0"  branch="false" />
			<line number="1463"  hits="0"  branch="false" />
			<line number="1464"  hits="0"  branch="true"  condition-coverage="0% (0/2)" />
			<line number="1465"  hits="0"  branch="false" />
			<line number="1466"  hits="0"  branch="false" />
			<line number="1467"  hits="0"  branch="true"  condition-coverage="0% (0/2)" />
			<line number="1468"  hits="0"  branch="false" />
			<line number="1469"  hits="0"  branch="true"  condition-coverage="0% (0/1)" />
			<line number="1471"  hits="0"  branch="false" />
			<line number="1472"  hits="0"  branch="false" />
			<line number="1475"  hits="0"  branch="false" />
			<line number="1479"  hits="0"  branch="false" />
			<line number="1480"  hits="0"  branch="true"  condition-coverage="0% (0/2)" />
			<line number="1481"  hits="0"  branch="false" />
			<line number="1482"  hits="0"  branch="false" />
			<line number="1483"  hits="0"  branch="true"  condition-coverage="0% (0/2)" />
			<line number="1484"  hits="0"  branch="false" />
			<line number="1485"  hits="0"  branch="true"  condition-coverage="0% (0/3)" />
			<line number="1487"  hits="0"  branch="false" />
			<line number="1488"  hits="0"  branch="false" />
			<line number="1490"  hits="0"  branch="false" />
			<line number="1491"  hits="0"  branch="false" />
			<line number="1493"  hits="0"  branch="false" />
			<line number="1494"  hits="0"  branch="false" />
			<line number="1501"  hits="0"  branch="false" />
			<line number="1502"  hits="0"  branch="false" />
			<line number="1503"  hits="0"  branch="false" />
			<line number="1504"  hits="0"  branch="false" />
			<line number="1506"  hits="0"  branch="true"  condition-coverage="0% (0/4)" />
			<line number="1508"  hits="0"  branch="true"  condition-coverage="0% (0/2)" />
			<line number="1509"  hits="0"  branch="false" />
			<line number="1510"  hits="0"  branch="false" />
			<line number="1511"  hits="0"  branch="false" />
			<line number="1512"  hits="0"  branch="false" />
			<line number="1514"  hits="0"  branch="true"  condition-coverage="0% (0/4)" />
			<line number="1516"  hits="0"  branch="false" />
			<line number="1517"  hits="0"  branch="true"  condition-coverage="0% (0/4)" />
			<line number="1518"  hits="0"  branch="false" />
			<line number="1520"  hits="0"  branch="false" />
			<line number="1522"  hits="0"  branch="true"  condition-coverage="0% (0/2)" />
			<line number="1523"  hits="0"  branch="true"  condition-coverage="0% (0/2)" />
			<line number="1526"  hits="0"  branch="true"  condition-coverage="0% (0/2)" />
			<line number="1527"  hits="0"  branch="false" />
			<line number="1528"  hits="0"  branch="false" />
			<line number="1529"  hits="0"  branch="false" />
			<line number="1530"  hits="0"  branch="true"  condition-coverage="0% (0/2)" />
			<line number="1531"  hits="0"  branch="false" />
			<line number="1532"  hits="0"  branch="false" />
			<line number="1535"  hits="0"  branch="false" />
			<line number="1536"  hits="0"  branch="false" />
			<line number="1537"  hits="0"  branch="true"  condition-coverage="0% (0/4)" />
			<line number="1538"  hits="0"  branch="false" />
			<line number="1540"  hits="0"  branch="false" />
			<line number="1541"  hits="0"  branch="false" />
			<line number="1542"  hits="0"  branch="false" />
			<line number="1543"  hits="0"  branch="false" />
			<line number="1545"  hits="0"  branch="true"  condition-coverage="0% (0/4)" />
			<line number="1547"  hits="0"  branch="false" />
			<line number="1548"  hits="0"  branch="true"  condition-coverage="0% (0/4)" />
			<line number="1549"  hits="0"  branch="false" />
			<line number="1551"  hits="0"  branch="false" />
			<line number="1556"  hits="0"  branch="true"  condition-coverage="0% (0/2)" />
			<line number="1557"  hits="0"  branch="false" />
			<line number="1560"  hits="0"  branch="false" />
			<line number="1566"  hits="0"  branch="true"  condition-coverage="0% (0/4)" />
			<line number="1568"  hits="0"  branch="false" />
			<line number="1573"  hits="0"  branch="false" />
			<line number="1574"  hits="0"  branch="true"  condition-coverage="0% (0/2)" />
			<line number="1575"  hits="0"  branch="false" />
			<line number="1576"  hits="0"  branch="false" />
			<line number="1579"  hits="0"  branch="true"  condition-coverage="0% (0/4)" />
			<line number="1580"  hits="0"  branch="false" />
			<line number="1584"  hits="0"  branch="true"  condition-coverage="0% (0/2)" />
			<line number="1585"  hits="0"  branch="false" />
			<line number="1586"  hits="0"  branch="false" />
			<line number="1587"  hits="0"  branch="false" />
			<line number="1589"  hits="0"  branch="false" />
			<line number="1590"  hits="0"  branch="false" />
			<line number="1595"  hits="0"  branch="true"  condition-coverage="0% (0/2)" />
			<line number="1596"  hits="0"  branch="true"  condition-coverage="0% (0/4)" />
			<line number="1597"  hits="0"  branch="false" />
			<line number="1599"  hits="0"  branch="false" />
			<line number="1600"  hits="0"  branch="false" />
			<line number="1602"  hits="0"  branch="false" />
			<line number="1604"  hits="0"  branch="false" />
			<line number="1606"  hits="0"  branch="false" />
			<line number="1608"  hits="0"  branch="false" />
			<line number="1609"  hits="0"  branch="false" />
			<line number="1610"  hits="0"  branch="false" />
			<line number="1613"  hits="0"  branch="false" />
			<line number="1614"  hits="0"  branch="false" />
			<line number="1615"  hits="0"  branch="false" />
			<line number="1616"  hits="0"  branch="false" />
			<line number="1619"  hits="0"  branch="false" />
			<line number="1622"  hits="0"  branch="false" />
			<line number="1625"  hits="1"  branch="false" />
			<line number="1626"  hits="0"  branch="false" />
			<line number="1627"  hits="0"  branch="false" />
			<line number="1629"  hits="0"  branch="false" />
			<line number="1630"  hits="0"  branch="true"  condition-coverage="0% (0/5)" />
			<line number="1631"  hits="0"  branch="false" />
			<line number="1633"  hits="0"  branch="false" />
			<line number="1634"  hits="0"  branch="false" />
			<line number="1637"  hits="0"  branch="false" />
			<line number="1638"  hits="0"  branch="true"  condition-coverage="0% (0/2)" />
			<line number="1639"  hits="0"  branch="false" />
			<line number="1640"  hits="0"  branch="false" />
			<line number="1643"  hits="0"  branch="false" />
			<line number="1644"  hits="0"  branch="false" />
			<line number="1645"  hits="0"  branch="false" />
			<line number="1647"  hits="0"  branch="false" />
			<line number="1648"  hits="0"  branch="false" />
			<line number="1661"  hits="1"  branch="false" />
			<line number="1664"  hits="0"  branch="true"  condition-coverage="0% (0/2)" />
			<line number="1665"  hits="0"  branch="true"  condition-coverage="0% (0/4)" />
			<line number="1666"  hits="0"  branch="false" />
			<line number="1668"  hits="0"  branch="true"  condition-coverage="0% (0/4)" />
			<line number="1669"  hits="0"  branch="false" />
			<line number="1676"  hits="0"  branch="false" />
			<line number="1677"  hits="0"  branch="false" />
			<line number="1678"  hits="0"  branch="false" />
			<line number="1680"  hits="0"  branch="true"  condition-coverage="0% (0/2)" />
			<line number="1682"  hits="0"  branch="false" />
			<line number="1683"  hits="0"  branch="false" />
			<line number="1684"  hits="0"  branch="false" />
			<line number="1685"  hits="0"  branch="false" />
			<line number="1686"  hits="0"  branch="false" />
			<line number="1687"  hits="0"  branch="false" />
			<line number="1689"  hits="0"  branch="false" />
			<line number="1691"  hits="0"  branch="false" />
			<line number="1692"  hits="0"  branch="true"  condition-coverage="0% (0/4)" />
			<line number="1693"  hits="0"  branch="true"  condition-coverage="0% (0/2)" />
			<line number="1694"  hits="0"  branch="false" />
			<line number="1696"  hits="0"  branch="true"  condition-coverage="0% (0/4)" />
			<line number="1697"  hits="0"  branch="false" />
			<line number="1698"  hits="0"  branch="true"  condition-coverage="0% (0/2)" />
			<line number="1699"  hits="0"  branch="false" />
			<line number="1701"  hits="0"  branch="false" />
			<line number="1702"  hits="0"  branch="false" />
			<line number="1703"  hits="0"  branch="false" />
			<line number="1711"  hits="0"  branch="true"  condition-coverage="0% (0/2)" />
			<line number="1712"  hits="0"  branch="false" />
			<line number="1713"  hits="0"  branch="true"  condition-coverage="0% (0/2)" />
			<line number="1714"  hits="0"  branch="false" />
			<line number="1715"  hits="0"  branch="false" />
			<line number="1719"  hits="0"  branch="true"  condition-coverage="0% (0/2)" />
			<line number="1720"  hits="0"  branch="true"  condition-coverage="0% (0/2)" />
			<line number="1721"  hits="0"  branch="false" />
			<line number="1722"  hits="0"  branch="false" />
			<line number="1723"  hits="0"  branch="false" />
			<line number="1725"  hits="0"  branch="false" />
			<line number="1726"  hits="0"  branch="false" />
			<line number="1728"  hits="0"  branch="true"  condition-coverage="0% (0/2)" />
			<line number="1730"  hits="0"  branch="true"  condition-coverage="0% (0/2)" />
			<line number="1731"  hits="0"  branch="true"  condition-coverage="0% (0/2)" />
			<line number="1732"  hits="0"  branch="false" />
			<line number="1734"  hits="0"  branch="true"  condition-coverage="0% (0/2)" />
			<line number="1735"  hits="0"  branch="true"  condition-coverage="0% (0/2)" />
			<line number="1736"  hits="0"  branch="false" />
			<line number="1738"  hits="0"  branch="true"  condition-coverage="0% (0/2)" />
			<line number="1739"  hits="0"  branch="true"  condition-coverage="0% (0/2)" />
			<line number="1740"  hits="0"  branch="false" />
			<line number="1743"  hits="0"  branch="true"  condition-coverage="0% (0/4)" />
			<line number="1744"  hits="0"  branch="true"  condition-coverage="0% (0/2)" />
			<line number="1745"  hits="0"  branch="false" />
			<line number="1747"  hits="0"  branch="true"  condition-coverage="0% (0/5)" />
			<line number="1748"  hits="0"  branch="false" />
			<line number="1750"  hits="0"  branch="false" />
			<line number="1755"  hits="0"  branch="false" />
			<line number="1756"  hits="0"  branch="false" />
			<line number="1757"  hits="0"  branch="false" />
			<line number="1758"  hits="0"  branch="false" />
			<line number="1770"  hits="1"  branch="false" />
			<line number="1773"  hits="0"  branch="false" />
[...]
			<line number="53"  hits="201"  branch="false" />
			<line number="54"  hits="201"  branch="false" />
			<line number="57"  hits="35"  branch="false" />
			<line number="59"  hits="35"  branch="false" />
			<line number="60"  hits="35"  branch="true"  condition-coverage="100% (2/2)" />
			<line number="61"  hits="23"  branch="false" />
			<line number="62"  hits="142"  branch="true"  condition-coverage="100% (2/2)" />
			<line number="63"  hits="140"  branch="false" />
			<line number="67"  hits="35"  branch="false" />
			<line number="68"  hits="35"  branch="false" />
			<line number="71"  hits="200"  branch="false" />
			<line number="73"  hits="200"  branch="false" />
			<line number="74"  hits="200"  branch="false" />
			<line number="75"  hits="200"  branch="false" />
			<line number="76"  hits="200"  branch="false" />
			<line number="77"  hits="200"  branch="false" />
			<line number="78"  hits="200"  branch="false" />
			<line number="79"  hits="200"  branch="false" />
			<line number="80"  hits="200"  branch="false" />
			<line number="81"  hits="200"  branch="false" />
			<line number="83"  hits="200"  branch="false" />
			<line number="84"  hits="1000"  branch="true"  condition-coverage="50% (1/2)" />
			<line number="85"  hits="1000"  branch="false" />
			<line number="89"  hits="200"  branch="false" />
			<line number="90"  hits="200"  branch="false" />
			<line number="93"  hits="200"  branch="true"  condition-coverage="50% (1/2)" />
			<line number="94"  hits="0"  branch="false" />
			<line number="96"  hits="0"  branch="false" />
			<line number="97"  hits="0"  branch="false" />
			<line number="99"  hits="0"  branch="false" />
			<line number="105"  hits="200"  branch="true"  condition-coverage="43.75% (7/16)" />
			<line number="107"  hits="0"  branch="false" />
			<line number="108"  hits="0"  branch="false" />
			<line number="110"  hits="4"  branch="false" />
			<line number="111"  hits="4"  branch="false" />
			<line number="113"  hits="4"  branch="false" />
			<line number="114"  hits="4"  branch="false" />
			<line number="116"  hits="0"  branch="false" />
			<line number="117"  hits="0"  branch="false" />
			<line number="119"  hits="0"  branch="false" />
			<line number="120"  hits="0"  branch="false" />
			<line number="122"  hits="0"  branch="false" />
			<line number="123"  hits="0"  branch="false" />
			<line number="125"  hits="0"  branch="false" />
			<line number="126"  hits="0"  branch="false" />
			<line number="128"  hits="6"  branch="false" />
			<line number="129"  hits="6"  branch="false" />
			<line number="131"  hits="0"  branch="false" />
			<line number="132"  hits="0"  branch="false" />
			<line number="134"  hits="12"  branch="false" />
			<line number="135"  hits="12"  branch="false" />
			<line number="137"  hits="0"  branch="false" />
			<line number="138"  hits="0"  branch="false" />
			<line number="140"  hits="1"  branch="false" />
			<line number="141"  hits="1"  branch="false" />
			<line number="143"  hits="0"  branch="false" />
			<line number="144"  hits="0"  branch="false" />
			<line number="146"  hits="0"  branch="false" />
			<line number="147"  hits="0"  branch="false" />
			<line number="149"  hits="3"  branch="false" />
			<line number="150"  hits="3"  branch="false" />
			<line number="152"  hits="170"  branch="false" />
			<line number="154"  hits="170"  branch="true"  condition-coverage="50% (1/2)" />
			<line number="155"  hits="0"  branch="false" />
			<line number="158"  hits="170"  branch="false" />
			<line number="159"  hits="170"  branch="false" />
			<line number="161"  hits="200"  branch="true"  condition-coverage="100% (2/2)" />
			<line number="162"  hits="60"  branch="false" />
			<line number="166"  hits="200"  branch="false" />
			<line number="169"  hits="95"  branch="true"  condition-coverage="100% (2/2)" />
			<line number="170"  hits="43"  branch="false" />
			<line number="172"  hits="43"  branch="true"  condition-coverage="100% (2/2)" />
			<line number="173"  hits="20"  branch="false" />
			<line number="174"  hits="26"  branch="false" />
			<line number="180"  hits="23"  branch="true"  condition-coverage="50% (2/4)" />
			<line number="181"  hits="0"  branch="false" />
			<line number="182"  hits="0"  branch="false" />
			<line number="187"  hits="23"  branch="true"  condition-coverage="100% (2/2)" />
			<line number="188"  hits="12"  branch="false" />
			<line number="189"  hits="14"  branch="false" />
			<line number="195"  hits="43"  branch="true"  condition-coverage="100% (2/2)" />
			<line number="196"  hits="30"  branch="false" />
			<line number="197"  hits="30"  branch="false" />
			<line number="203"  hits="201"  branch="true"  condition-coverage="100% (4/4)" />
			<line number="204"  hits="57"  branch="false" />
			<line number="207"  hits="201"  branch="true"  condition-coverage="100% (7/7)" />
			<line number="208"  hits="38"  branch="false" />
			<line number="211"  hits="201"  branch="true"  condition-coverage="75% (3/4)" />
			<line number="212"  hits="0"  branch="false" />
			<line number="215"  hits="201"  branch="true"  condition-coverage="100% (7/7)" />
			<line number="216"  hits="24"  branch="false" />
			<line number="217"  hits="24"  branch="false" />
			<line number="223"  hits="0"  branch="true"  condition-coverage="0% (0/4)" />
			<line number="224"  hits="0"  branch="false" />
			<line number="229"  hits="0"  branch="true"  condition-coverage="0% (0/2)" />
			<line number="230"  hits="0"  branch="false" />
			<line number="231"  hits="0"  branch="false" />
			<line number="235"  hits="57"  branch="false" />
			<line number="236"  hits="57"  branch="false" />
			<line number="237"  hits="57"  branch="true"  condition-coverage="100% (2/2)" />
			<line number="239"  hits="8"  branch="false" />
			<line number="240"  hits="8"  branch="false" />
			<line number="244"  hits="38"  branch="false" />
			<line number="245"  hits="38"  branch="false" />
			<line number="246"  hits="38"  branch="true"  condition-coverage="100% (2/2)" />
			<line number="247"  hits="3"  branch="false" />
			<line number="249"  hits="38"  branch="true"  condition-coverage="100% (2/2)" />
			<line number="250"  hits="2"  branch="false" />
			<line number="252"  hits="38"  branch="true"  condition-coverage="100% (2/2)" />
			<line number="253"  hits="5"  branch="false" />
			<line number="254"  hits="5"  branch="false" />
			<line number="258"  hits="0"  branch="false" />
			<line number="259"  hits="0"  branch="false" />
			<line number="260"  hits="0"  branch="true"  condition-coverage="0% (0/2)" />
			<line number="261"  hits="0"  branch="false" />
			<line number="263"  hits="0"  branch="true"  condition-coverage="0% (0/2)" />
			<line number="264"  hits="0"  branch="false" />
			<line number="265"  hits="0"  branch="false" />
			<line number="269"  hits="201"  branch="false" />
			<line number="283"  hits="4"  branch="false" />
			<line number="284"  hits="43"  branch="true"  condition-coverage="100% (2/2)" />
			<line number="285"  hits="2"  branch="false" />
			<line number="288"  hits="41"  branch="true"  condition-coverage="50% (1/2)" />
			<line number="289"  hits="0"  branch="false" />
			<line number="293"  hits="41"  branch="false" />
			<line number="298"  hits="4"  branch="false" />
			<line number="299"  hits="1323"  branch="true"  condition-coverage="100% (2/2)" />
			<line number="300"  hits="52"  branch="false" />
			<line number="303"  hits="1271"  branch="false" />
			<line number="305"  hits="1323"  branch="false" />
			<line number="309"  hits="201"  branch="false" />
			<line number="312"  hits="201"  branch="true"  condition-coverage="100% (2/2)" />
			<line number="313"  hits="8"  branch="false" />
			<line number="316"  hits="193"  branch="false" />
			<line number="319"  hits="201"  branch="true"  condition-coverage="100% (2/2)" />
			<line number="320"  hits="24"  branch="false" />
			<line number="323"  hits="177"  branch="false" />
			<line number="326"  hits="201"  branch="true"  condition-coverage="100% (2/2)" />
			<line number="327"  hits="5"  branch="false" />
			<line number="330"  hits="196"  branch="false" />
			<line number="333"  hits="201"  branch="true"  condition-coverage="100% (2/2)" />
			<line number="334"  hits="6"  branch="false" />
			<line number="337"  hits="195"  branch="false" />
			<line number="340"  hits="201"  branch="true"  condition-coverage="50% (1/2)" />
			<line number="341"  hits="0"  branch="false" />
			<line number="344"  hits="201"  branch="false" />
			<line number="348"  hits="201"  branch="false" />
			<line number="349"  hits="887"  branch="true"  condition-coverage="50% (1/2)" />
			<line number="350"  hits="887"  branch="false" />
			<line number="351"  hits="887"  branch="true"  condition-coverage="100% (2/2)" />
			<line number="352"  hits="41"  branch="false" />
			<line number="353"  hits="41"  branch="false" />
			<line number="359"  hits="160"  branch="true"  condition-coverage="50% (1/2)" />
			<line number="360"  hits="160"  branch="false" />
			<line number="365"  hits="0"  branch="false" />
			<line number="367"  hits="0"  branch="false" />
			<line number="370"  hits="0"  branch="true"  condition-coverage="0% (0/4)" />
			<line number="371"  hits="0"  branch="false" />
			<line number="373"  hits="0"  branch="true"  condition-coverage="0% (0/2)" />
			<line number="374"  hits="0"  branch="false" />
			<line number="378"  hits="0"  branch="false" />
			<line number="381"  hits="4"  branch="false" />
			<line number="382"  hits="4"  branch="true"  condition-coverage="100% (26/26)" />
			<line number="408"  hits="2"  branch="false" />
			<line number="409"  hits="2"  branch="false" />
			<line number="411"  hits="2"  branch="false" />
			<line number="414"  hits="4"  branch="false" />
			<line number="415"  hits="4"  branch="false" />
			<line number="418"  hits="4"  branch="false" />
			<line number="419"  hits="4"  branch="true"  condition-coverage="100% (2/2)" />
			<line number="420"  hits="2"  branch="false" />
			<line number="423"  hits="2"  branch="false" />
			<line number="424"  hits="2"  branch="false" />
			<line number="426"  hits="4"  branch="false" />
			<line number="427"  hits="4"  branch="false" />
			<line number="430"  hits="0"  branch="true"  condition-coverage="0% (0/4)" />
			<line number="431"  hits="0"  branch="false" />
			<line number="432"  hits="0"  branch="false" />
			<line number="434"  hits="0"  branch="false" />
			<line number="435"  hits="0"  branch="false" />
			<line number="438"  hits="0"  branch="false" />
			<line number="439"  hits="0"  branch="true"  condition-coverage="0% (0/2)" />
			<line number="440"  hits="0"  branch="false" />
			<line number="443"  hits="0"  branch="false" />
			<line number="445"  hits="0"  branch="true"  condition-coverage="0% (0/10)" />
			<line number="447"  hits="0"  branch="false" />
			<line number="448"  hits="0"  branch="false" />
			<line number="450"  hits="0"  branch="false" />
			<line number="451"  hits="0"  branch="false" />
			<line number="459"  hits="0"  branch="false" />
			<line number="460"  hits="0"  branch="false" />
			<line number="462"  hits="0"  branch="false" />
			<line number="465"  hits="0"  branch="false" />
			<line number="466"  hits="0"  branch="false" />
			<line number="469"  hits="0"  branch="false" />
			<line number="470"  hits="0"  branch="true"  condition-coverage="0% (0/2)" />
			<line number="471"  hits="0"  branch="false" />
			<line number="474"  hits="0"  branch="false" />
			<line number="475"  hits="0"  branch="false" />
			<line number="476"  hits="0"  branch="true"  condition-coverage="0% (0/5)" />
			<line number="477"  hits="0"  branch="false" />
			<line number="478"  hits="0"  branch="false" />
			<line number="480"  hits="0"  branch="true"  condition-coverage="0% (0/4)" />
			<line number="481"  hits="0"  branch="false" />
			<line number="483"  hits="0"  branch="true"  condition-coverage="0% (0/6)" />
			<line number="484"  hits="0"  branch="false" />
			<line number="485"  hits="0"  branch="false" />
			<line number="489"  hits="0"  branch="false" />
			<line number="490"  hits="0"  branch="false" />
			<line number="492"  hits="0"  branch="false" />
			<line number="495"  hits="0"  branch="false" />
			<line number="497"  hits="0"  branch="true"  condition-coverage="0% (0/6)" />
			<line number="498"  hits="0"  branch="false" />
			<line number="499"  hits="0"  branch="false" />
			<line number="501"  hits="0"  branch="true"  condition-coverage="0% (0/2)" />
			<line number="502"  hits="0"  branch="false" />
			<line number="503"  hits="0"  branch="false" />
			<line number="505"  hits="0"  branch="false" />
			<line number="508"  hits="12"  branch="false" />
			<line number="511"  hits="12"  branch="true"  condition-coverage="100% (2/2)" />
			<line number="513"  hits="6"  branch="true"  condition-coverage="100% (4/4)" />
			<line number="514"  hits="2"  branch="false" />
			<line number="515"  hits="2"  branch="false" />
			<line number="518"  hits="6"  branch="true"  condition-coverage="100% (4/4)" />
			<line number="519"  hits="2"  branch="false" />
			<line number="520"  hits="2"  branch="false" />
			<line number="522"  hits="12"  branch="false" />
			<line number="523"  hits="12"  branch="false" />
			<line number="526"  hits="1"  branch="false" />
			<line number="528"  hits="1"  branch="true"  condition-coverage="50% (1/2)" />
			<line number="529"  hits="1"  branch="false" />
			<line number="531"  hits="1"  branch="false" />
			<line number="532"  hits="1"  branch="false" />
			<line number="535"  hits="0"  branch="false" />
			<line number="537"  hits="0"  branch="true"  condition-coverage="0% (0/2)" />
			<line number="538"  hits="0"  branch="false" />
			<line number="540"  hits="0"  branch="false" />
			<line number="541"  hits="0"  branch="false" />
			<line number="545"  hits="0"  branch="false" />
			<line number="548"  hits="0"  branch="true"  condition-coverage="0% (0/5)" />
			<line number="549"  hits="0"  branch="false" />
			<line number="550"  hits="0"  branch="false" />
			<line number="552"  hits="0"  branch="true"  condition-coverage="0% (0/4)" />
			<line number="553"  hits="0"  branch="false" />
			<line number="554"  hits="0"  branch="false" />
			<line number="557"  hits="0"  branch="false" />
			<line number="558"  hits="0"  branch="false" />
			<line number="559"  hits="0"  branch="false" />
			<line number="563"  hits="0"  branch="false" />
			<line number="564"  hits="0"  branch="false" />
			<line number="568"  hits="0"  branch="false" />
			<line number="571"  hits="0"  branch="true"  condition-coverage="0% (0/4)" />
			<line number="572"  hits="0"  branch="false" />
			<line number="573"  hits="0"  branch="false" />
			<line number="575"  hits="0"  branch="false" />
			<line number="576"  hits="0"  branch="false" />
			<line number="579"  hits="0"  branch="false" />
			<line number="581"  hits="0"  branch="true"  condition-coverage="0% (0/2)" />
			<line number="583"  hits="0"  branch="true"  condition-coverage="0% (0/4)" />
			<line number="584"  hits="0"  branch="false" />
			<line number="588"  hits="0"  branch="false" />
			<line number="589"  hits="0"  branch="false" />
			<line number="592"  hits="3"  branch="false" />
			<line number="595"  hits="3"  branch="true"  condition-coverage="100% (4/4)" />
			<line number="596"  hits="1"  branch="false" />
			<line number="597"  hits="1"  branch="false" />
			<line number="599"  hits="3"  branch="false" />
			<line number="600"  hits="3"  branch="false" />
			<line number="604"  hits="0"  branch="false" />
			<line number="608"  hits="0"  branch="true"  condition-coverage="0% (0/2)" />
			<line number="610"  hits="0"  branch="false" />
			<line number="611"  hits="0"  branch="false" />
			<line number="612"  hits="0"  branch="false" />
			<line number="613"  hits="0"  branch="false" />
			<line number="615"  hits="0"  branch="false" />
			<line number="616"  hits="0"  branch="false" />
			<line number="619"  hits="0"  branch="false" />
			<line number="620"  hits="0"  branch="true"  condition-coverage="0% (0/4)" />
			<line number="621"  hits="0"  branch="false" />
			<line number="622"  hits="0"  branch="false" />
			<line number="624"  hits="0"  branch="false" />
			<line number="628"  hits="0"  branch="false" />
			<line number="632"  hits="0"  branch="true"  condition-coverage="0% (0/3)" />
			<line number="634"  hits="0"  branch="false" />
			<line number="635"  hits="0"  branch="false" />
			<line number="636"  hits="0"  branch="false" />
			<line number="637"  hits="0"  branch="false" />
			<line number="639"  hits="0"  branch="false" />
			<line number="640"  hits="0"  branch="false" />
			<line number="641"  hits="0"  branch="false" />
			<line number="642"  hits="0"  branch="false" />
			<line number="644"  hits="0"  branch="false" />
			<line number="645"  hits="0"  branch="false" />
			<line number="648"  hits="0"  branch="false" />
			<line number="649"  hits="0"  branch="true"  condition-coverage="0% (0/5)" />
			<line number="650"  hits="0"  branch="false" />
			<line number="651"  hits="0"  branch="false" />
			<line number="653"  hits="0"  branch="false" />
			<line number="656"  hits="7"  branch="false" />
			<line number="658"  hits="7"  branch="true"  condition-coverage="100% (2/2)" />
			<line number="659"  hits="2"  branch="false" />
			<line number="660"  hits="2"  branch="false" />
			<line number="663"  hits="5"  branch="false" />
			<line number="665"  hits="5"  branch="false" />
			<line number="667"  hits="5"  branch="false" />
			<line number="674"  hits="5"  branch="false" />
			<line number="677"  hits="5"  branch="false" />
			<line number="678"  hits="25"  branch="true"  condition-coverage="50% (1/2)" />
			<line number="679"  hits="25"  branch="false" />
			<line number="683"  hits="5"  branch="false" />
			<line number="684"  hits="5"  branch="false" />
			<line number="685"  hits="5"  branch="false" />
			<line number="686"  hits="5"  branch="false" />
			<line number="687"  hits="5"  branch="false" />
			<line number="688"  hits="5"  branch="false" />
			<line number="689"  hits="5"  branch="false" />
			<line number="690"  hits="5"  branch="false" />
			<line number="692"  hits="5"  branch="false" />
			<line number="693"  hits="5"  branch="false" />
			<line number="696"  hits="5"  branch="true"  condition-coverage="50% (1/2)" />
			<line number="697"  hits="0"  branch="false" />
			<line number="698"  hits="0"  branch="false" />
			<line number="702"  hits="5"  branch="false" />
			<line number="705"  hits="0"  branch="true"  condition-coverage="0% (0/2)" />
			<line number="706"  hits="0"  branch="false" />
			<line number="707"  hits="0"  branch="false" />
			<line number="710"  hits="0"  branch="true"  condition-coverage="0% (0/2)" />
			<line number="711"  hits="0"  branch="false" />
			<line number="712"  hits="0"  branch="false" />
			<line number="715"  hits="0"  branch="false" />
			<line number="716"  hits="0"  branch="false" />
			<line number="721"  hits="0"  branch="false" />
			<line number="724"  hits="0"  branch="false" />
			<line number="726"  hits="0"  branch="false" />
			<line number="727"  hits="0"  branch="false" />
			<line number="728"  hits="0"  branch="false" />
			<line number="729"  hits="0"  branch="false" />
			<line number="730"  hits="0"  branch="false" />
			<line number="731"  hits="0"  branch="false" />
			<line number="732"  hits="0"  branch="false" />
			<line number="733"  hits="0"  branch="false" />
			<line number="734"  hits="0"  branch="false" />
			<line number="735"  hits="0"  branch="false" />
			<line number="736"  hits="0"  branch="false" />
			<line number="738"  hits="0"  branch="false" />
			<line number="739"  hits="0"  branch="false" />
		</lines>
		</class>
	</classes>
	</package>
</packages>
</coverage>
