<?xml version="1.0" ?>
<!DOCTYPE coverage SYSTEM "http://cobertura.sourceforge.net/xml/coverage-04.dtd">
<coverage lines-valid="3862"  lines-covered="1166"  line-rate="0.3019"  branches-valid="2502"  branches-covered="458"  branch-rate="0.18309999999999998"  timestamp="1430421544647" complexity="0" version="0.1">
<sources>
	<source>/Users/a-jmcateer/BELC02NK9MSG3QC_4083/BELC02NK9MSG3QC_4083/e3/components/ss/lodging/products/lux/pLUXMain.main/LUXContent</source>
</sources>
<packages>
	<package name="scripts"  line-rate="0.0788"  branch-rate="0.0163" >
	<classes>
		<class name="test_three.js"  filename="test/scripts/test_three.js"  line-rate="0.0788"  branch-rate="0.0163" >
		</class>
	</classes>
	</package>
	<package name="scripts.uno"  line-rate="0.4596"  branch-rate="0.3443" >
	<classes>
		<class name="test_two.js"  filename="test/scripts/test_two.js"  line-rate="0.4476"  branch-rate="0.2913" >
		</class>
	</classes>
	</package>
</packages>
</coverage>
